

Microchip MPLAB XC8 Assembler V2.36 build 20220127204148 
                                                                                               Thu Oct 19 19:27:32 2023

Microchip MPLAB XC8 C Compiler v2.36 (Free license) build 20220127204148 Og1 
     1                           	processor	16F1939
     2                           	pagewidth 120
     3                           	opt	flic
     4                           	psect	idataBANK0,global,class=CODE,delta=2,noexec
     5                           	psect	cinit,global,class=CODE,merge=1,delta=2
     6                           	psect	bssCOMMON,global,class=COMMON,space=1,delta=1,noexec
     7                           	psect	dataBANK0,global,class=BANK0,space=1,delta=1,noexec
     8                           	psect	inittext,global,class=CODE,delta=2
     9                           	psect	cstackCOMMON,global,class=COMMON,space=1,delta=1,noexec
    10                           	psect	maintext,global,class=CODE,merge=1,split=1,delta=2
    11                           	psect	text1,local,class=CODE,merge=1,delta=2
    12                           	psect	text2,local,class=CODE,merge=1,delta=2
    13                           	psect	idloc,global,abs,ovrld,class=IDLOC,space=5,delta=2,noexec
    14                           	psect	config,global,abs,ovrld,class=CONFIG,space=4,delta=2,noexec
    15                           	dabs	1,0x7E,2
    16  0000                     
    17                           ; Version 2.40
    18                           ; Generated 17/11/2021 GMT
    19                           ; 
    20                           ; Copyright © 2021, Microchip Technology Inc. and its subsidiaries ("Microchip")
    21                           ; All rights reserved.
    22                           ; 
    23                           ; This software is developed by Microchip Technology Inc. and its subsidiaries ("Microch
      +                          ip").
    24                           ; 
    25                           ; Redistribution and use in source and binary forms, with or without modification, are
    26                           ; permitted provided that the following conditions are met:
    27                           ; 
    28                           ;     1. Redistributions of source code must retain the above copyright notice, this lis
      +                          t of
    29                           ;        conditions and the following disclaimer.
    30                           ; 
    31                           ;     2. Redistributions in binary form must reproduce the above copyright notice, this 
      +                          list
    32                           ;        of conditions and the following disclaimer in the documentation and/or other
    33                           ;        materials provided with the distribution. Publication is not required when
    34                           ;        this file is used in an embedded application.
    35                           ; 
    36                           ;     3. Microchip's name may not be used to endorse or promote products derived from th
      +                          is
    37                           ;        software without specific prior written permission.
    38                           ; 
    39                           ; THIS SOFTWARE IS PROVIDED BY MICROCHIP "AS IS" AND ANY EXPRESS OR IMPLIED WARRANTIES,
    40                           ; INCLUDING, BUT NOT LIMITED TO, THE IMPLIED WARRANTIES OF MERCHANTABILITY AND FITNESS F
      +                          OR
    41                           ; PURPOSE ARE DISCLAIMED.  IN NO EVENT SHALL MICROCHIP BE LIABLE FOR ANY DIRECT, INDIREC
      +                          T,
    42                           ; INCIDENTAL, SPECIAL, EXEMPLARY, OR CONSEQUENTIAL DAMAGES (INCLUDING BUT NOT LIMITED TO
    43                           ; PROCUREMENT OF SUBSTITUTE GOODS OR SERVICES; LOSS OF USE, DATA OR PROFITS; OR BUSINESS
    44                           ; INTERRUPTION) HOWSOEVER CAUSED AND ON ANY THEORY OF LIABILITY, WHETHER IN CONTRACT, ST
      +                          RICT
    45                           ; LIABILITY, OR TORT (INCLUDING NEGLIGENCE OR OTHERWISE) ARISING IN ANY WAY OUT OF THE U
      +                          SE OF
    46                           ; THIS SOFTWARE, EVEN IF ADVISED OF THE POSSIBILITY OF SUCH DAMAGE.
    47                           ; 
    48                           ; 
    49                           ; Code-generator required, PIC16F1939 Definitions
    50                           ; 
    51                           ; SFR Addresses
    52  0000                     	;# 
    53  0001                     	;# 
    54  0002                     	;# 
    55  0003                     	;# 
    56  0004                     	;# 
    57  0005                     	;# 
    58  0006                     	;# 
    59  0007                     	;# 
    60  0008                     	;# 
    61  0009                     	;# 
    62  000A                     	;# 
    63  000B                     	;# 
    64  000C                     	;# 
    65  000D                     	;# 
    66  000E                     	;# 
    67  000F                     	;# 
    68  0010                     	;# 
    69  0011                     	;# 
    70  0012                     	;# 
    71  0013                     	;# 
    72  0015                     	;# 
    73  0016                     	;# 
    74  0016                     	;# 
    75  0017                     	;# 
    76  0018                     	;# 
    77  0019                     	;# 
    78  001A                     	;# 
    79  001B                     	;# 
    80  001C                     	;# 
    81  001E                     	;# 
    82  001F                     	;# 
    83  008C                     	;# 
    84  008D                     	;# 
    85  008E                     	;# 
    86  008F                     	;# 
    87  0090                     	;# 
    88  0091                     	;# 
    89  0092                     	;# 
    90  0093                     	;# 
    91  0095                     	;# 
    92  0096                     	;# 
    93  0097                     	;# 
    94  0098                     	;# 
    95  0099                     	;# 
    96  009A                     	;# 
    97  009B                     	;# 
    98  009B                     	;# 
    99  009C                     	;# 
   100  009D                     	;# 
   101  009E                     	;# 
   102  010C                     	;# 
   103  010D                     	;# 
   104  010E                     	;# 
   105  010F                     	;# 
   106  0110                     	;# 
   107  0111                     	;# 
   108  0112                     	;# 
   109  0113                     	;# 
   110  0114                     	;# 
   111  0115                     	;# 
   112  0116                     	;# 
   113  0117                     	;# 
   114  0118                     	;# 
   115  0119                     	;# 
   116  011A                     	;# 
   117  011B                     	;# 
   118  011D                     	;# 
   119  018C                     	;# 
   120  018D                     	;# 
   121  018F                     	;# 
   122  0190                     	;# 
   123  0191                     	;# 
   124  0191                     	;# 
   125  0192                     	;# 
   126  0193                     	;# 
   127  0193                     	;# 
   128  0193                     	;# 
   129  0194                     	;# 
   130  0195                     	;# 
   131  0196                     	;# 
   132  0199                     	;# 
   133  019A                     	;# 
   134  019B                     	;# 
   135  019B                     	;# 
   136  019B                     	;# 
   137  019B                     	;# 
   138  019C                     	;# 
   139  019C                     	;# 
   140  019D                     	;# 
   141  019E                     	;# 
   142  019F                     	;# 
   143  020D                     	;# 
   144  0210                     	;# 
   145  0211                     	;# 
   146  0212                     	;# 
   147  0213                     	;# 
   148  0214                     	;# 
   149  0215                     	;# 
   150  0215                     	;# 
   151  0216                     	;# 
   152  0217                     	;# 
   153  0291                     	;# 
   154  0291                     	;# 
   155  0292                     	;# 
   156  0293                     	;# 
   157  0294                     	;# 
   158  0295                     	;# 
   159  0295                     	;# 
   160  0296                     	;# 
   161  0298                     	;# 
   162  0298                     	;# 
   163  0299                     	;# 
   164  029A                     	;# 
   165  029B                     	;# 
   166  029C                     	;# 
   167  029C                     	;# 
   168  029D                     	;# 
   169  029E                     	;# 
   170  029F                     	;# 
   171  0311                     	;# 
   172  0311                     	;# 
   173  0312                     	;# 
   174  0313                     	;# 
   175  0314                     	;# 
   176  0315                     	;# 
   177  0315                     	;# 
   178  0316                     	;# 
   179  0318                     	;# 
   180  0318                     	;# 
   181  0319                     	;# 
   182  031A                     	;# 
   183  031C                     	;# 
   184  031C                     	;# 
   185  031D                     	;# 
   186  031E                     	;# 
   187  0394                     	;# 
   188  0395                     	;# 
   189  0396                     	;# 
   190  0415                     	;# 
   191  0416                     	;# 
   192  0417                     	;# 
   193  041C                     	;# 
   194  041D                     	;# 
   195  041E                     	;# 
   196  0791                     	;# 
   197  0792                     	;# 
   198  0793                     	;# 
   199  0794                     	;# 
   200  0795                     	;# 
   201  0798                     	;# 
   202  0799                     	;# 
   203  079A                     	;# 
   204  07A0                     	;# 
   205  07A1                     	;# 
   206  07A2                     	;# 
   207  07A3                     	;# 
   208  07A4                     	;# 
   209  07A5                     	;# 
   210  07A6                     	;# 
   211  07A7                     	;# 
   212  07A8                     	;# 
   213  07A9                     	;# 
   214  07AA                     	;# 
   215  07AB                     	;# 
   216  0FE4                     	;# 
   217  0FE5                     	;# 
   218  0FE6                     	;# 
   219  0FE7                     	;# 
   220  0FE8                     	;# 
   221  0FE9                     	;# 
   222  0FEA                     	;# 
   223  0FEB                     	;# 
   224  0FED                     	;# 
   225  0FEE                     	;# 
   226  0FEF                     	;# 
   227  0000                     	;# 
   228  0001                     	;# 
   229  0002                     	;# 
   230  0003                     	;# 
   231  0004                     	;# 
   232  0005                     	;# 
   233  0006                     	;# 
   234  0007                     	;# 
   235  0008                     	;# 
   236  0009                     	;# 
   237  000A                     	;# 
   238  000B                     	;# 
   239  000C                     	;# 
   240  000D                     	;# 
   241  000E                     	;# 
   242  000F                     	;# 
   243  0010                     	;# 
   244  0011                     	;# 
   245  0012                     	;# 
   246  0013                     	;# 
   247  0015                     	;# 
   248  0016                     	;# 
   249  0016                     	;# 
   250  0017                     	;# 
   251  0018                     	;# 
   252  0019                     	;# 
   253  001A                     	;# 
   254  001B                     	;# 
   255  001C                     	;# 
   256  001E                     	;# 
   257  001F                     	;# 
   258  008C                     	;# 
   259  008D                     	;# 
   260  008E                     	;# 
   261  008F                     	;# 
   262  0090                     	;# 
   263  0091                     	;# 
   264  0092                     	;# 
   265  0093                     	;# 
   266  0095                     	;# 
   267  0096                     	;# 
   268  0097                     	;# 
   269  0098                     	;# 
   270  0099                     	;# 
   271  009A                     	;# 
   272  009B                     	;# 
   273  009B                     	;# 
   274  009C                     	;# 
   275  009D                     	;# 
   276  009E                     	;# 
   277  010C                     	;# 
   278  010D                     	;# 
   279  010E                     	;# 
   280  010F                     	;# 
   281  0110                     	;# 
   282  0111                     	;# 
   283  0112                     	;# 
   284  0113                     	;# 
   285  0114                     	;# 
   286  0115                     	;# 
   287  0116                     	;# 
   288  0117                     	;# 
   289  0118                     	;# 
   290  0119                     	;# 
   291  011A                     	;# 
   292  011B                     	;# 
   293  011D                     	;# 
   294  018C                     	;# 
   295  018D                     	;# 
   296  018F                     	;# 
   297  0190                     	;# 
   298  0191                     	;# 
   299  0191                     	;# 
   300  0192                     	;# 
   301  0193                     	;# 
   302  0193                     	;# 
   303  0193                     	;# 
   304  0194                     	;# 
   305  0195                     	;# 
   306  0196                     	;# 
   307  0199                     	;# 
   308  019A                     	;# 
   309  019B                     	;# 
   310  019B                     	;# 
   311  019B                     	;# 
   312  019B                     	;# 
   313  019C                     	;# 
   314  019C                     	;# 
   315  019D                     	;# 
   316  019E                     	;# 
   317  019F                     	;# 
   318  020D                     	;# 
   319  0210                     	;# 
   320  0211                     	;# 
   321  0212                     	;# 
   322  0213                     	;# 
   323  0214                     	;# 
   324  0215                     	;# 
   325  0215                     	;# 
   326  0216                     	;# 
   327  0217                     	;# 
   328  0291                     	;# 
   329  0291                     	;# 
   330  0292                     	;# 
   331  0293                     	;# 
   332  0294                     	;# 
   333  0295                     	;# 
   334  0295                     	;# 
   335  0296                     	;# 
   336  0298                     	;# 
   337  0298                     	;# 
   338  0299                     	;# 
   339  029A                     	;# 
   340  029B                     	;# 
   341  029C                     	;# 
   342  029C                     	;# 
   343  029D                     	;# 
   344  029E                     	;# 
   345  029F                     	;# 
   346  0311                     	;# 
   347  0311                     	;# 
   348  0312                     	;# 
   349  0313                     	;# 
   350  0314                     	;# 
   351  0315                     	;# 
   352  0315                     	;# 
   353  0316                     	;# 
   354  0318                     	;# 
   355  0318                     	;# 
   356  0319                     	;# 
   357  031A                     	;# 
   358  031C                     	;# 
   359  031C                     	;# 
   360  031D                     	;# 
   361  031E                     	;# 
   362  0394                     	;# 
   363  0395                     	;# 
   364  0396                     	;# 
   365  0415                     	;# 
   366  0416                     	;# 
   367  0417                     	;# 
   368  041C                     	;# 
   369  041D                     	;# 
   370  041E                     	;# 
   371  0791                     	;# 
   372  0792                     	;# 
   373  0793                     	;# 
   374  0794                     	;# 
   375  0795                     	;# 
   376  0798                     	;# 
   377  0799                     	;# 
   378  079A                     	;# 
   379  07A0                     	;# 
   380  07A1                     	;# 
   381  07A2                     	;# 
   382  07A3                     	;# 
   383  07A4                     	;# 
   384  07A5                     	;# 
   385  07A6                     	;# 
   386  07A7                     	;# 
   387  07A8                     	;# 
   388  07A9                     	;# 
   389  07AA                     	;# 
   390  07AB                     	;# 
   391  0FE4                     	;# 
   392  0FE5                     	;# 
   393  0FE6                     	;# 
   394  0FE7                     	;# 
   395  0FE8                     	;# 
   396  0FE9                     	;# 
   397  0FEA                     	;# 
   398  0FEB                     	;# 
   399  0FED                     	;# 
   400  0FEE                     	;# 
   401  0FEF                     	;# 
   402  0000                     	;# 
   403  0001                     	;# 
   404  0002                     	;# 
   405  0003                     	;# 
   406  0004                     	;# 
   407  0005                     	;# 
   408  0006                     	;# 
   409  0007                     	;# 
   410  0008                     	;# 
   411  0009                     	;# 
   412  000A                     	;# 
   413  000B                     	;# 
   414  000C                     	;# 
   415  000D                     	;# 
   416  000E                     	;# 
   417  000F                     	;# 
   418  0010                     	;# 
   419  0011                     	;# 
   420  0012                     	;# 
   421  0013                     	;# 
   422  0015                     	;# 
   423  0016                     	;# 
   424  0016                     	;# 
   425  0017                     	;# 
   426  0018                     	;# 
   427  0019                     	;# 
   428  001A                     	;# 
   429  001B                     	;# 
   430  001C                     	;# 
   431  001E                     	;# 
   432  001F                     	;# 
   433  008C                     	;# 
   434  008D                     	;# 
   435  008E                     	;# 
   436  008F                     	;# 
   437  0090                     	;# 
   438  0091                     	;# 
   439  0092                     	;# 
   440  0093                     	;# 
   441  0095                     	;# 
   442  0096                     	;# 
   443  0097                     	;# 
   444  0098                     	;# 
   445  0099                     	;# 
   446  009A                     	;# 
   447  009B                     	;# 
   448  009B                     	;# 
   449  009C                     	;# 
   450  009D                     	;# 
   451  009E                     	;# 
   452  010C                     	;# 
   453  010D                     	;# 
   454  010E                     	;# 
   455  010F                     	;# 
   456  0110                     	;# 
   457  0111                     	;# 
   458  0112                     	;# 
   459  0113                     	;# 
   460  0114                     	;# 
   461  0115                     	;# 
   462  0116                     	;# 
   463  0117                     	;# 
   464  0118                     	;# 
   465  0119                     	;# 
   466  011A                     	;# 
   467  011B                     	;# 
   468  011D                     	;# 
   469  018C                     	;# 
   470  018D                     	;# 
   471  018F                     	;# 
   472  0190                     	;# 
   473  0191                     	;# 
   474  0191                     	;# 
   475  0192                     	;# 
   476  0193                     	;# 
   477  0193                     	;# 
   478  0193                     	;# 
   479  0194                     	;# 
   480  0195                     	;# 
   481  0196                     	;# 
   482  0199                     	;# 
   483  019A                     	;# 
   484  019B                     	;# 
   485  019B                     	;# 
   486  019B                     	;# 
   487  019B                     	;# 
   488  019C                     	;# 
   489  019C                     	;# 
   490  019D                     	;# 
   491  019E                     	;# 
   492  019F                     	;# 
   493  020D                     	;# 
   494  0210                     	;# 
   495  0211                     	;# 
   496  0212                     	;# 
   497  0213                     	;# 
   498  0214                     	;# 
   499  0215                     	;# 
   500  0215                     	;# 
   501  0216                     	;# 
   502  0217                     	;# 
   503  0291                     	;# 
   504  0291                     	;# 
   505  0292                     	;# 
   506  0293                     	;# 
   507  0294                     	;# 
   508  0295                     	;# 
   509  0295                     	;# 
   510  0296                     	;# 
   511  0298                     	;# 
   512  0298                     	;# 
   513  0299                     	;# 
   514  029A                     	;# 
   515  029B                     	;# 
   516  029C                     	;# 
   517  029C                     	;# 
   518  029D                     	;# 
   519  029E                     	;# 
   520  029F                     	;# 
   521  0311                     	;# 
   522  0311                     	;# 
   523  0312                     	;# 
   524  0313                     	;# 
   525  0314                     	;# 
   526  0315                     	;# 
   527  0315                     	;# 
   528  0316                     	;# 
   529  0318                     	;# 
   530  0318                     	;# 
   531  0319                     	;# 
   532  031A                     	;# 
   533  031C                     	;# 
   534  031C                     	;# 
   535  031D                     	;# 
   536  031E                     	;# 
   537  0394                     	;# 
   538  0395                     	;# 
   539  0396                     	;# 
   540  0415                     	;# 
   541  0416                     	;# 
   542  0417                     	;# 
   543  041C                     	;# 
   544  041D                     	;# 
   545  041E                     	;# 
   546  0791                     	;# 
   547  0792                     	;# 
   548  0793                     	;# 
   549  0794                     	;# 
   550  0795                     	;# 
   551  0798                     	;# 
   552  0799                     	;# 
   553  079A                     	;# 
   554  07A0                     	;# 
   555  07A1                     	;# 
   556  07A2                     	;# 
   557  07A3                     	;# 
   558  07A4                     	;# 
   559  07A5                     	;# 
   560  07A6                     	;# 
   561  07A7                     	;# 
   562  07A8                     	;# 
   563  07A9                     	;# 
   564  07AA                     	;# 
   565  07AB                     	;# 
   566  0FE4                     	;# 
   567  0FE5                     	;# 
   568  0FE6                     	;# 
   569  0FE7                     	;# 
   570  0FE8                     	;# 
   571  0FE9                     	;# 
   572  0FEA                     	;# 
   573  0FEB                     	;# 
   574  0FED                     	;# 
   575  0FEE                     	;# 
   576  0FEF                     	;# 
   577  0000                     	;# 
   578  0001                     	;# 
   579  0002                     	;# 
   580  0003                     	;# 
   581  0004                     	;# 
   582  0005                     	;# 
   583  0006                     	;# 
   584  0007                     	;# 
   585  0008                     	;# 
   586  0009                     	;# 
   587  000A                     	;# 
   588  000B                     	;# 
   589  000C                     	;# 
   590  000D                     	;# 
   591  000E                     	;# 
   592  000F                     	;# 
   593  0010                     	;# 
   594  0011                     	;# 
   595  0012                     	;# 
   596  0013                     	;# 
   597  0015                     	;# 
   598  0016                     	;# 
   599  0016                     	;# 
   600  0017                     	;# 
   601  0018                     	;# 
   602  0019                     	;# 
   603  001A                     	;# 
   604  001B                     	;# 
   605  001C                     	;# 
   606  001E                     	;# 
   607  001F                     	;# 
   608  008C                     	;# 
   609  008D                     	;# 
   610  008E                     	;# 
   611  008F                     	;# 
   612  0090                     	;# 
   613  0091                     	;# 
   614  0092                     	;# 
   615  0093                     	;# 
   616  0095                     	;# 
   617  0096                     	;# 
   618  0097                     	;# 
   619  0098                     	;# 
   620  0099                     	;# 
   621  009A                     	;# 
   622  009B                     	;# 
   623  009B                     	;# 
   624  009C                     	;# 
   625  009D                     	;# 
   626  009E                     	;# 
   627  010C                     	;# 
   628  010D                     	;# 
   629  010E                     	;# 
   630  010F                     	;# 
   631  0110                     	;# 
   632  0111                     	;# 
   633  0112                     	;# 
   634  0113                     	;# 
   635  0114                     	;# 
   636  0115                     	;# 
   637  0116                     	;# 
   638  0117                     	;# 
   639  0118                     	;# 
   640  0119                     	;# 
   641  011A                     	;# 
   642  011B                     	;# 
   643  011D                     	;# 
   644  018C                     	;# 
   645  018D                     	;# 
   646  018F                     	;# 
   647  0190                     	;# 
   648  0191                     	;# 
   649  0191                     	;# 
   650  0192                     	;# 
   651  0193                     	;# 
   652  0193                     	;# 
   653  0193                     	;# 
   654  0194                     	;# 
   655  0195                     	;# 
   656  0196                     	;# 
   657  0199                     	;# 
   658  019A                     	;# 
   659  019B                     	;# 
   660  019B                     	;# 
   661  019B                     	;# 
   662  019B                     	;# 
   663  019C                     	;# 
   664  019C                     	;# 
   665  019D                     	;# 
   666  019E                     	;# 
   667  019F                     	;# 
   668  020D                     	;# 
   669  0210                     	;# 
   670  0211                     	;# 
   671  0212                     	;# 
   672  0213                     	;# 
   673  0214                     	;# 
   674  0215                     	;# 
   675  0215                     	;# 
   676  0216                     	;# 
   677  0217                     	;# 
   678  0291                     	;# 
   679  0291                     	;# 
   680  0292                     	;# 
   681  0293                     	;# 
   682  0294                     	;# 
   683  0295                     	;# 
   684  0295                     	;# 
   685  0296                     	;# 
   686  0298                     	;# 
   687  0298                     	;# 
   688  0299                     	;# 
   689  029A                     	;# 
   690  029B                     	;# 
   691  029C                     	;# 
   692  029C                     	;# 
   693  029D                     	;# 
   694  029E                     	;# 
   695  029F                     	;# 
   696  0311                     	;# 
   697  0311                     	;# 
   698  0312                     	;# 
   699  0313                     	;# 
   700  0314                     	;# 
   701  0315                     	;# 
   702  0315                     	;# 
   703  0316                     	;# 
   704  0318                     	;# 
   705  0318                     	;# 
   706  0319                     	;# 
   707  031A                     	;# 
   708  031C                     	;# 
   709  031C                     	;# 
   710  031D                     	;# 
   711  031E                     	;# 
   712  0394                     	;# 
   713  0395                     	;# 
   714  0396                     	;# 
   715  0415                     	;# 
   716  0416                     	;# 
   717  0417                     	;# 
   718  041C                     	;# 
   719  041D                     	;# 
   720  041E                     	;# 
   721  0791                     	;# 
   722  0792                     	;# 
   723  0793                     	;# 
   724  0794                     	;# 
   725  0795                     	;# 
   726  0798                     	;# 
   727  0799                     	;# 
   728  079A                     	;# 
   729  07A0                     	;# 
   730  07A1                     	;# 
   731  07A2                     	;# 
   732  07A3                     	;# 
   733  07A4                     	;# 
   734  07A5                     	;# 
   735  07A6                     	;# 
   736  07A7                     	;# 
   737  07A8                     	;# 
   738  07A9                     	;# 
   739  07AA                     	;# 
   740  07AB                     	;# 
   741  0FE4                     	;# 
   742  0FE5                     	;# 
   743  0FE6                     	;# 
   744  0FE7                     	;# 
   745  0FE8                     	;# 
   746  0FE9                     	;# 
   747  0FEA                     	;# 
   748  0FEB                     	;# 
   749  0FED                     	;# 
   750  0FEE                     	;# 
   751  0FEF                     	;# 
   752  0000                     	;# 
   753  0001                     	;# 
   754  0002                     	;# 
   755  0003                     	;# 
   756  0004                     	;# 
   757  0005                     	;# 
   758  0006                     	;# 
   759  0007                     	;# 
   760  0008                     	;# 
   761  0009                     	;# 
   762  000A                     	;# 
   763  000B                     	;# 
   764  000C                     	;# 
   765  000D                     	;# 
   766  000E                     	;# 
   767  000F                     	;# 
   768  0010                     	;# 
   769  0011                     	;# 
   770  0012                     	;# 
   771  0013                     	;# 
   772  0015                     	;# 
   773  0016                     	;# 
   774  0016                     	;# 
   775  0017                     	;# 
   776  0018                     	;# 
   777  0019                     	;# 
   778  001A                     	;# 
   779  001B                     	;# 
   780  001C                     	;# 
   781  001E                     	;# 
   782  001F                     	;# 
   783  008C                     	;# 
   784  008D                     	;# 
   785  008E                     	;# 
   786  008F                     	;# 
   787  0090                     	;# 
   788  0091                     	;# 
   789  0092                     	;# 
   790  0093                     	;# 
   791  0095                     	;# 
   792  0096                     	;# 
   793  0097                     	;# 
   794  0098                     	;# 
   795  0099                     	;# 
   796  009A                     	;# 
   797  009B                     	;# 
   798  009B                     	;# 
   799  009C                     	;# 
   800  009D                     	;# 
   801  009E                     	;# 
   802  010C                     	;# 
   803  010D                     	;# 
   804  010E                     	;# 
   805  010F                     	;# 
   806  0110                     	;# 
   807  0111                     	;# 
   808  0112                     	;# 
   809  0113                     	;# 
   810  0114                     	;# 
   811  0115                     	;# 
   812  0116                     	;# 
   813  0117                     	;# 
   814  0118                     	;# 
   815  0119                     	;# 
   816  011A                     	;# 
   817  011B                     	;# 
   818  011D                     	;# 
   819  018C                     	;# 
   820  018D                     	;# 
   821  018F                     	;# 
   822  0190                     	;# 
   823  0191                     	;# 
   824  0191                     	;# 
   825  0192                     	;# 
   826  0193                     	;# 
   827  0193                     	;# 
   828  0193                     	;# 
   829  0194                     	;# 
   830  0195                     	;# 
   831  0196                     	;# 
   832  0199                     	;# 
   833  019A                     	;# 
   834  019B                     	;# 
   835  019B                     	;# 
   836  019B                     	;# 
   837  019B                     	;# 
   838  019C                     	;# 
   839  019C                     	;# 
   840  019D                     	;# 
   841  019E                     	;# 
   842  019F                     	;# 
   843  020D                     	;# 
   844  0210                     	;# 
   845  0211                     	;# 
   846  0212                     	;# 
   847  0213                     	;# 
   848  0214                     	;# 
   849  0215                     	;# 
   850  0215                     	;# 
   851  0216                     	;# 
   852  0217                     	;# 
   853  0291                     	;# 
   854  0291                     	;# 
   855  0292                     	;# 
   856  0293                     	;# 
   857  0294                     	;# 
   858  0295                     	;# 
   859  0295                     	;# 
   860  0296                     	;# 
   861  0298                     	;# 
   862  0298                     	;# 
   863  0299                     	;# 
   864  029A                     	;# 
   865  029B                     	;# 
   866  029C                     	;# 
   867  029C                     	;# 
   868  029D                     	;# 
   869  029E                     	;# 
   870  029F                     	;# 
   871  0311                     	;# 
   872  0311                     	;# 
   873  0312                     	;# 
   874  0313                     	;# 
   875  0314                     	;# 
   876  0315                     	;# 
   877  0315                     	;# 
   878  0316                     	;# 
   879  0318                     	;# 
   880  0318                     	;# 
   881  0319                     	;# 
   882  031A                     	;# 
   883  031C                     	;# 
   884  031C                     	;# 
   885  031D                     	;# 
   886  031E                     	;# 
   887  0394                     	;# 
   888  0395                     	;# 
   889  0396                     	;# 
   890  0415                     	;# 
   891  0416                     	;# 
   892  0417                     	;# 
   893  041C                     	;# 
   894  041D                     	;# 
   895  041E                     	;# 
   896  0791                     	;# 
   897  0792                     	;# 
   898  0793                     	;# 
   899  0794                     	;# 
   900  0795                     	;# 
   901  0798                     	;# 
   902  0799                     	;# 
   903  079A                     	;# 
   904  07A0                     	;# 
   905  07A1                     	;# 
   906  07A2                     	;# 
   907  07A3                     	;# 
   908  07A4                     	;# 
   909  07A5                     	;# 
   910  07A6                     	;# 
   911  07A7                     	;# 
   912  07A8                     	;# 
   913  07A9                     	;# 
   914  07AA                     	;# 
   915  07AB                     	;# 
   916  0FE4                     	;# 
   917  0FE5                     	;# 
   918  0FE6                     	;# 
   919  0FE7                     	;# 
   920  0FE8                     	;# 
   921  0FE9                     	;# 
   922  0FEA                     	;# 
   923  0FEB                     	;# 
   924  0FED                     	;# 
   925  0FEE                     	;# 
   926  0FEF                     	;# 
   927                           
   928                           	psect	idataBANK0
   929  07B0                     __pidataBANK0:
   930                           
   931                           ;initializer for _buffer
   932  07B0  3420               	retlw	32
   933  07B1  3400               	retlw	0
   934  07B2  3400               	retlw	0
   935  07B3  3400               	retlw	0
   936  07B4  3400               	retlw	0
   937  07B5  3400               	retlw	0
   938  07B6  3400               	retlw	0
   939  07B7  3400               	retlw	0
   940  07B8  3400               	retlw	0
   941  07B9  3400               	retlw	0
   942  07BA  3400               	retlw	0
   943  07BB  3400               	retlw	0
   944  07BC  3400               	retlw	0
   945  07BD  3400               	retlw	0
   946  07BE  3400               	retlw	0
   947  07BF  3400               	retlw	0
   948  07C0  3400               	retlw	0
   949  07C1  3400               	retlw	0
   950  07C2  3400               	retlw	0
   951  07C3  3400               	retlw	0
   952  008D                     _RCIF	set	141
   953  008C                     _TXIF	set	140
   954  009B                     _ADRESL	set	155
   955  009C                     _ADRESH	set	156
   956  009D                     _ADCON0bits	set	157
   957  009E                     _ADCON1bits	set	158
   958  008E                     _TRISCbits	set	142
   959  008C                     _TRISAbits	set	140
   960  0098                     _OSCTUNE	set	152
   961  0099                     _OSCCON	set	153
   962  0116                     _BORCON	set	278
   963  0199                     _RCREG	set	409
   964  019A                     _TXREG	set	410
   965  019D                     _RCSTAbits	set	413
   966  019E                     _TXSTAbits	set	414
   967  019B                     _SPBRG	set	411
   968  018C                     _ANSELAbits	set	396
   969                           
   970                           	psect	cinit
   971  07EB                     start_initialization:	
   972                           ; #config settings
   973                           
   974  07EB                     __initialization:
   975                           
   976                           ; Initialize objects allocated to BANK0
   977  07EB  30B0               	movlw	low __pidataBANK0
   978  07EC  0084               	movwf	4
   979  07ED  3087               	movlw	(high __pidataBANK0)| (0+128)
   980  07EE  0085               	movwf	5
   981  07EF  3020               	movlw	low __pdataBANK0
   982  07F0  0086               	movwf	6
   983  07F1  3000               	movlw	high __pdataBANK0
   984  07F2  0087               	movwf	7
   985  07F3  3014               	movlw	20
   986  07F4  3187  2793  3187   	fcall	init_ram
   987                           
   988                           ; Clear objects allocated to COMMON
   989  07F7  01F0               	clrf	__pbssCOMMON& (0+127)
   990  07F8  01F1               	clrf	(__pbssCOMMON+1)& (0+127)
   991  07F9  01F2               	clrf	(__pbssCOMMON+2)& (0+127)
   992  07FA  01F3               	clrf	(__pbssCOMMON+3)& (0+127)
   993  07FB  01F4               	clrf	(__pbssCOMMON+4)& (0+127)
   994  07FC  01F5               	clrf	(__pbssCOMMON+5)& (0+127)
   995  07FD                     end_of_initialization:	
   996                           ;End of C runtime variable initialization code
   997                           
   998  07FD                     __end_of__initialization:
   999  07FD  0020               	movlb	0
  1000  07FE  3187  2FC4         	ljmp	_main	;jump to C main() function
  1001                           
  1002                           	psect	bssCOMMON
  1003  0070                     __pbssCOMMON:
  1004  0070                     _pot:
  1005  0070                     	ds	4
  1006  0074                     _conver:
  1007  0074                     	ds	2
  1008                           
  1009                           	psect	dataBANK0
  1010  0020                     __pdataBANK0:
  1011  0020                     _buffer:
  1012  0020                     	ds	20
  1013                           
  1014                           	psect	inittext
  1015  0793                     init_ram:
  1016  0793  00FE               	movwf	btemp
  1017  0794                     initloop:
  1018  0794  0012               	moviw fsr0++
  1019  0795  001E               	movwi fsr1++
  1020  0796  0BFE               	decfsz	btemp,f
  1021  0797  2F94               	goto	initloop
  1022  0798  3400               	retlw	0
  1023                           
  1024                           	psect	cstackCOMMON
  1025  0076                     __pcstackCOMMON:
  1026  0076                     ?_ADC_Init:
  1027  0076                     ??_ADC_Init:	
  1028                           ; 1 bytes @ 0x0
  1029                           
  1030  0076                     ?_UART_Init:	
  1031                           ; 1 bytes @ 0x0
  1032                           
  1033  0076                     ?_main:	
  1034                           ; 1 bytes @ 0x0
  1035                           
  1036  0076                     UART_Init@baudrate:	
  1037                           ; 1 bytes @ 0x0
  1038                           
  1039                           
  1040                           ; 4 bytes @ 0x0
  1041  0076                     	ds	4
  1042  007A                     ??_UART_Init:
  1043  007A                     ??_main:	
  1044                           ; 1 bytes @ 0x4
  1045                           
  1046                           
  1047                           ; 1 bytes @ 0x4
  1048  007A                     	ds	2
  1049                           
  1050                           	psect	maintext
  1051  07C4                     __pmaintext:	
  1052 ;;
  1053 ;;Main: autosize = 0, tempsize = 2, incstack = 0, save=0
  1054 ;;
  1055 ;; *************** function _main *****************
  1056 ;; Defined at:
  1057 ;;		line 11 in file "main.c"
  1058 ;; Parameters:    Size  Location     Type
  1059 ;;		None
  1060 ;; Auto vars:     Size  Location     Type
  1061 ;;		None
  1062 ;; Return value:  Size  Location     Type
  1063 ;;                  1    wreg      void 
  1064 ;; Registers used:
  1065 ;;		wreg, status,2, status,0, pclath, cstack
  1066 ;; Tracked objects:
  1067 ;;		On entry : B1F/0
  1068 ;;		On exit  : 0/0
  1069 ;;		Unchanged: 0/0
  1070 ;; Data sizes:     COMMON   BANK0   BANK1   BANK2   BANK3   BANK4   BANK5   BANK6   BANK7   BANK8   BANK9  BANK10  BANK1
      +1  BANK12
  1071 ;;      Params:         0       0       0       0       0       0       0       0       0       0       0       0       
      +0       0
  1072 ;;      Locals:         0       0       0       0       0       0       0       0       0       0       0       0       
      +0       0
  1073 ;;      Temps:          2       0       0       0       0       0       0       0       0       0       0       0       
      +0       0
  1074 ;;      Totals:         2       0       0       0       0       0       0       0       0       0       0       0       
      +0       0
  1075 ;;Total ram usage:        2 bytes
  1076 ;; Hardware stack levels required when called: 1
  1077 ;; This function calls:
  1078 ;;		_ADC_Init
  1079 ;;		_UART_Init
  1080 ;; This function is called by:
  1081 ;;		Startup code after reset
  1082 ;; This function uses a non-reentrant model
  1083 ;;
  1084                           
  1085  07C4                     _main:	
  1086                           ;psect for function _main
  1087                           
  1088  07C4                     l768:	
  1089                           ;incstack = 0
  1090                           ; Regs used in _main: [wreg+status,2+status,0+pclath+cstack]
  1091                           
  1092                           
  1093                           ;main.c: 13:     OSCCON = 0x38;
  1094  07C4  3038               	movlw	56
  1095  07C5  0021               	movlb	1	; select bank1
  1096  07C6  0099               	movwf	25	;volatile
  1097  07C7                     l770:
  1098                           
  1099                           ;main.c: 14:     OSCTUNE = 0x00;
  1100  07C7  0198               	clrf	24	;volatile
  1101  07C8                     l772:
  1102                           
  1103                           ;main.c: 15:     BORCON = 0x00;
  1104  07C8  0022               	movlb	2	; select bank2
  1105  07C9  0196               	clrf	22	;volatile
  1106  07CA                     l774:
  1107                           
  1108                           ;main.c: 17:     ANSELAbits.ANSA0 = 1;
  1109  07CA  0023               	movlb	3	; select bank3
  1110  07CB  140C               	bsf	12,0	;volatile
  1111  07CC                     l776:
  1112                           
  1113                           ;main.c: 18:     TRISAbits.TRISA0 = 1;
  1114  07CC  0021               	movlb	1	; select bank1
  1115  07CD  140C               	bsf	12,0	;volatile
  1116  07CE                     l778:
  1117                           
  1118                           ;main.c: 20:     ADC_Init();
  1119  07CE  3187  2799  3187   	fcall	_ADC_Init
  1120  07D1                     l780:
  1121                           
  1122                           ;main.c: 21:     UART_Init(9600);
  1123  07D1  3000               	movlw	0
  1124  07D2  00F9               	movwf	UART_Init@baudrate+3
  1125  07D3  3000               	movlw	0
  1126  07D4  00F8               	movwf	UART_Init@baudrate+2
  1127  07D5  3025               	movlw	37
  1128  07D6  00F7               	movwf	UART_Init@baudrate+1
  1129  07D7  3080               	movlw	128
  1130  07D8  00F6               	movwf	UART_Init@baudrate
  1131  07D9  3187  27A4  3187   	fcall	_UART_Init
  1132  07DC                     l27:	
  1133                           ;main.c: 24:     while(1){
  1134                           
  1135                           
  1136                           ;main.c: 29:         _delay((unsigned long)((500)*(20000000UL/4000.0)));
  1137  07DC  300D               	movlw	13
  1138  07DD  00FB               	movwf	??_main+1
  1139  07DE  30AF               	movlw	175
  1140  07DF  00FA               	movwf	??_main
  1141  07E0  30B6               	movlw	182
  1142  07E1                     u57:
  1143  07E1  0B89               	decfsz	9,f
  1144  07E2  2FE1               	goto	u57
  1145  07E3  0BFA               	decfsz	??_main,f
  1146  07E4  2FE1               	goto	u57
  1147  07E5  0BFB               	decfsz	??_main+1,f
  1148  07E6  2FE1               	goto	u57
  1149  07E7  3200               	nop2
  1150  07E8  2FDC               	goto	l27
  1151  07E9  3180  2802         	ljmp	start
  1152  07EB                     __end_of_main:
  1153                           
  1154                           	psect	text1
  1155  07A4                     __ptext1:	
  1156 ;; *************** function _UART_Init *****************
  1157 ;; Defined at:
  1158 ;;		line 6 in file "UART.c"
  1159 ;; Parameters:    Size  Location     Type
  1160 ;;  baudrate        4    0[COMMON] unsigned long 
  1161 ;; Auto vars:     Size  Location     Type
  1162 ;;		None
  1163 ;; Return value:  Size  Location     Type
  1164 ;;                  1    wreg      void 
  1165 ;; Registers used:
  1166 ;;		wreg
  1167 ;; Tracked objects:
  1168 ;;		On entry : 0/0
  1169 ;;		On exit  : 0/0
  1170 ;;		Unchanged: 0/0
  1171 ;; Data sizes:     COMMON   BANK0   BANK1   BANK2   BANK3   BANK4   BANK5   BANK6   BANK7   BANK8   BANK9  BANK10  BANK1
      +1  BANK12
  1172 ;;      Params:         4       0       0       0       0       0       0       0       0       0       0       0       
      +0       0
  1173 ;;      Locals:         0       0       0       0       0       0       0       0       0       0       0       0       
      +0       0
  1174 ;;      Temps:          0       0       0       0       0       0       0       0       0       0       0       0       
      +0       0
  1175 ;;      Totals:         4       0       0       0       0       0       0       0       0       0       0       0       
      +0       0
  1176 ;;Total ram usage:        4 bytes
  1177 ;; Hardware stack levels used: 1
  1178 ;; This function calls:
  1179 ;;		Nothing
  1180 ;; This function is called by:
  1181 ;;		_main
  1182 ;; This function uses a non-reentrant model
  1183 ;;
  1184                           
  1185  07A4                     _UART_Init:	
  1186                           ;psect for function _UART_Init
  1187                           
  1188  07A4                     l754:	
  1189                           ;incstack = 0
  1190                           ; Regs used in _UART_Init: [wreg]
  1191                           
  1192                           
  1193                           ;UART.c: 7:     TRISCbits.TRISC6 = 0;
  1194  07A4  0021               	movlb	1	; select bank1
  1195  07A5  130E               	bcf	14,6	;volatile
  1196                           
  1197                           ;UART.c: 8:     TRISCbits.TRISC7 = 1;
  1198  07A6  178E               	bsf	14,7	;volatile
  1199  07A7                     l756:
  1200                           
  1201                           ;UART.c: 11:     SPBRG = 129;
  1202  07A7  3081               	movlw	129
  1203  07A8  0023               	movlb	3	; select bank3
  1204  07A9  009B               	movwf	27	;volatile
  1205  07AA                     l758:
  1206                           
  1207                           ;UART.c: 13:     TXSTAbits.SYNC = 0;
  1208  07AA  121E               	bcf	30,4	;volatile
  1209  07AB                     l760:
  1210                           
  1211                           ;UART.c: 14:     TXSTAbits.BRGH = 1;
  1212  07AB  151E               	bsf	30,2	;volatile
  1213  07AC                     l762:
  1214                           
  1215                           ;UART.c: 16:     TXSTAbits.TXEN = 1;
  1216  07AC  169E               	bsf	30,5	;volatile
  1217  07AD                     l764:
  1218                           
  1219                           ;UART.c: 17:     RCSTAbits.SPEN = 1;
  1220  07AD  179D               	bsf	29,7	;volatile
  1221  07AE                     l766:
  1222                           
  1223                           ;UART.c: 18:     RCSTAbits.CREN = 1;
  1224  07AE  161D               	bsf	29,4	;volatile
  1225  07AF                     l49:
  1226  07AF  0008               	return
  1227  07B0                     __end_of_UART_Init:
  1228                           
  1229                           	psect	text2
  1230  0799                     __ptext2:	
  1231 ;; *************** function _ADC_Init *****************
  1232 ;; Defined at:
  1233 ;;		line 3 in file "ADC_LIB.c"
  1234 ;; Parameters:    Size  Location     Type
  1235 ;;		None
  1236 ;; Auto vars:     Size  Location     Type
  1237 ;;		None
  1238 ;; Return value:  Size  Location     Type
  1239 ;;                  1    wreg      void 
  1240 ;; Registers used:
  1241 ;;		wreg, status,2, status,0
  1242 ;; Tracked objects:
  1243 ;;		On entry : 0/0
  1244 ;;		On exit  : 0/0
  1245 ;;		Unchanged: 0/0
  1246 ;; Data sizes:     COMMON   BANK0   BANK1   BANK2   BANK3   BANK4   BANK5   BANK6   BANK7   BANK8   BANK9  BANK10  BANK1
      +1  BANK12
  1247 ;;      Params:         0       0       0       0       0       0       0       0       0       0       0       0       
      +0       0
  1248 ;;      Locals:         0       0       0       0       0       0       0       0       0       0       0       0       
      +0       0
  1249 ;;      Temps:          0       0       0       0       0       0       0       0       0       0       0       0       
      +0       0
  1250 ;;      Totals:         0       0       0       0       0       0       0       0       0       0       0       0       
      +0       0
  1251 ;;Total ram usage:        0 bytes
  1252 ;; Hardware stack levels used: 1
  1253 ;; This function calls:
  1254 ;;		Nothing
  1255 ;; This function is called by:
  1256 ;;		_main
  1257 ;; This function uses a non-reentrant model
  1258 ;;
  1259                           
  1260  0799                     _ADC_Init:	
  1261                           ;psect for function _ADC_Init
  1262                           
  1263  0799                     l692:	
  1264                           ;incstack = 0
  1265                           ; Regs used in _ADC_Init: [wreg+status,2+status,0]
  1266                           
  1267                           
  1268                           ;ADC_LIB.c: 4:     ADCON1bits.ADCS = 0b110;
  1269  0799  0021               	movlb	1	; select bank1
  1270  079A  081E               	movf	30,w	;volatile
  1271  079B  398F               	andlw	-113
  1272  079C  3860               	iorlw	96
  1273  079D  009E               	movwf	30	;volatile
  1274  079E                     l694:
  1275                           
  1276                           ;ADC_LIB.c: 5:     ADCON1bits.ADNREF = 0;
  1277  079E  111E               	bcf	30,2	;volatile
  1278                           
  1279                           ;ADC_LIB.c: 6:     ADCON1bits.ADPREF = 0b00;
  1280  079F  30FC               	movlw	-4
  1281  07A0  059E               	andwf	30,f	;volatile
  1282  07A1                     l696:
  1283                           
  1284                           ;ADC_LIB.c: 7:     ADCON0bits.ADON = 1;
  1285  07A1  141D               	bsf	29,0	;volatile
  1286  07A2                     l698:
  1287                           
  1288                           ;ADC_LIB.c: 8:     ADCON1bits.ADFM = 1;
  1289  07A2  179E               	bsf	30,7	;volatile
  1290  07A3                     l78:
  1291  07A3  0008               	return
  1292  07A4                     __end_of_ADC_Init:
  1293  007E                     btemp	set	126	;btemp
  1294  007E                     wtemp0	set	126
  1295                           
  1296                           	psect	idloc
  1297                           
  1298                           ;Config register IDLOC0 @ 0x8000
  1299                           ;	unspecified, using default values
  1300  8000                     	org	32768
  1301  8000  3FFF               	dw	16383
  1302                           
  1303                           ;Config register IDLOC1 @ 0x8001
  1304                           ;	unspecified, using default values
  1305  8001                     	org	32769
  1306  8001  3FFF               	dw	16383
  1307                           
  1308                           ;Config register IDLOC2 @ 0x8002
  1309                           ;	unspecified, using default values
  1310  8002                     	org	32770
  1311  8002  3FFF               	dw	16383
  1312                           
  1313                           ;Config register IDLOC3 @ 0x8003
  1314                           ;	unspecified, using default values
  1315  8003                     	org	32771
  1316  8003  3FFF               	dw	16383
  1317                           
  1318                           	psect	config
  1319                           
  1320                           ;Config register CONFIG1 @ 0x8007
  1321                           ;	Oscillator Selection
  1322                           ;	FOSC = HS, HS Oscillator, High-speed crystal/resonator connected between OSC1 and OSC2
      +                           pins
  1323                           ;	Watchdog Timer Enable
  1324                           ;	WDTE = OFF, WDT disabled
  1325                           ;	Power-up Timer Enable
  1326                           ;	PWRTE = OFF, PWRT disabled
  1327                           ;	MCLR Pin Function Select
  1328                           ;	MCLRE = ON, MCLR/VPP pin function is MCLR
  1329                           ;	Flash Program Memory Code Protection
  1330                           ;	CP = OFF, Program memory code protection is disabled
  1331                           ;	Data Memory Code Protection
  1332                           ;	CPD = OFF, Data memory code protection is disabled
  1333                           ;	Brown-out Reset Enable
  1334                           ;	BOREN = OFF, Brown-out Reset disabled
  1335                           ;	Clock Out Enable
  1336                           ;	CLKOUTEN = OFF, CLKOUT function is disabled. I/O or oscillator function on the CLKOUT 
      +                          pin
  1337                           ;	Internal/External Switchover
  1338                           ;	IESO = ON, Internal/External Switchover mode is enabled
  1339                           ;	Fail-Safe Clock Monitor Enable
  1340                           ;	FCMEN = ON, Fail-Safe Clock Monitor is enabled
  1341  8007                     	org	32775
  1342  8007  39E2               	dw	14818
  1343                           
  1344                           ;Config register CONFIG2 @ 0x8008
  1345                           ;	Flash Memory Self-Write Protection
  1346                           ;	WRT = OFF, Write protection off
  1347                           ;	Voltage Regulator Capacitor Enable
  1348                           ;	VCAPEN = OFF, All VCAP pin functionality is disabled
  1349                           ;	PLL Enable
  1350                           ;	PLLEN = OFF, 4x PLL disabled
  1351                           ;	Stack Overflow/Underflow Reset Enable
  1352                           ;	STVREN = ON, Stack Overflow or Underflow will cause a Reset
  1353                           ;	Brown-out Reset Voltage Selection
  1354                           ;	BORV = LO, Brown-out Reset Voltage (Vbor), low trip point selected.
  1355                           ;	Low-Voltage Programming Enable
  1356                           ;	LVP = ON, Low-voltage programming enabled
  1357  8008                     	org	32776
  1358  8008  3EFF               	dw	16127

Data Sizes:
    Strings     0
    Constant    0
    Data        20
    BSS         6
    Persistent  32
    Stack       0

Auto Spaces:
    Space          Size  Autos    Used
    COMMON           14      6      12
    BANK0            80      0      20
    BANK1            80      0       0
    BANK2            80      0       0
    BANK3            80      0       0
    BANK4            80      0       0
    BANK5            80      0       0
    BANK6            80      0       0
    BANK7            80      0       0
    BANK8            80      0       0
    BANK9            80      0       0
    BANK10           80      0       0
    BANK11           80      0       0
    BANK12           48      0       0

Pointer List with Targets:

    None.

Critical Paths under _main in COMMON

    _main->_UART_Init

Critical Paths under _main in BANK0

    None.

Critical Paths under _main in BANK1

    None.

Critical Paths under _main in BANK2

    None.

Critical Paths under _main in BANK3

    None.

Critical Paths under _main in BANK4

    None.

Critical Paths under _main in BANK5

    None.

Critical Paths under _main in BANK6

    None.

Critical Paths under _main in BANK7

    None.

Critical Paths under _main in BANK8

    None.

Critical Paths under _main in BANK9

    None.

Critical Paths under _main in BANK10

    None.

Critical Paths under _main in BANK11

    None.

Critical Paths under _main in BANK12

    None.

Call Graph Tables:

 ---------------------------------------------------------------------------------
 (Depth) Function   	        Calls       Base Space   Used Autos Params    Refs
 ---------------------------------------------------------------------------------
 (0) _main                                                 2     2      0      76
                                              4 COMMON     2     2      0
                           _ADC_Init
                          _UART_Init
 ---------------------------------------------------------------------------------
 (1) _UART_Init                                            4     0      4      76
                                              0 COMMON     4     0      4
 ---------------------------------------------------------------------------------
 (1) _ADC_Init                                             0     0      0       0
 ---------------------------------------------------------------------------------
 Estimated maximum stack depth 1
 ---------------------------------------------------------------------------------

 Call Graph Graphs:

 _main (ROOT)
   _ADC_Init
   _UART_Init

 Address spaces:
Name               Size   Autos  Total    Cost      Usage
BIGRAM             3F0      0       0       0        0.0%
EEDATA             100      0       0       0        0.0%
NULL                 0      0       0       0        0.0%
CODE                 0      0       0       0        0.0%
BITCOMMON            E      0       0       1        0.0%
BITSFR0              0      0       0       1        0.0%
SFR0                 0      0       0       1        0.0%
COMMON               E      6       C       2       85.7%
BITSFR1              0      0       0       2        0.0%
SFR1                 0      0       0       2        0.0%
BITSFR2              0      0       0       3        0.0%
SFR2                 0      0       0       3        0.0%
STACK                0      0       0       3        0.0%
BITBANK0            50      0       0       4        0.0%
BITSFR3              0      0       0       4        0.0%
SFR3                 0      0       0       4        0.0%
BANK0               50      0      14       5       25.0%
BITSFR4              0      0       0       5        0.0%
SFR4                 0      0       0       5        0.0%
BITBANK1            50      0       0       6        0.0%
BITSFR5              0      0       0       6        0.0%
SFR5                 0      0       0       6        0.0%
BANK1               50      0       0       7        0.0%
BITSFR6              0      0       0       7        0.0%
SFR6                 0      0       0       7        0.0%
BITBANK2            50      0       0       8        0.0%
BITSFR7              0      0       0       8        0.0%
SFR7                 0      0       0       8        0.0%
BANK2               50      0       0       9        0.0%
BITSFR8              0      0       0       9        0.0%
SFR8                 0      0       0       9        0.0%
BITBANK3            50      0       0      10        0.0%
BITSFR9              0      0       0      10        0.0%
SFR9                 0      0       0      10        0.0%
BANK3               50      0       0      11        0.0%
BITSFR10             0      0       0      11        0.0%
SFR10                0      0       0      11        0.0%
BITBANK4            50      0       0      12        0.0%
BITSFR11             0      0       0      12        0.0%
SFR11                0      0       0      12        0.0%
BANK4               50      0       0      13        0.0%
BITSFR12             0      0       0      13        0.0%
SFR12                0      0       0      13        0.0%
BITBANK5            50      0       0      14        0.0%
BITSFR13             0      0       0      14        0.0%
SFR13                0      0       0      14        0.0%
BANK5               50      0       0      15        0.0%
BITSFR14             0      0       0      15        0.0%
SFR14                0      0       0      15        0.0%
BITBANK6            50      0       0      16        0.0%
BITSFR15             0      0       0      16        0.0%
SFR15                0      0       0      16        0.0%
BANK6               50      0       0      17        0.0%
BITSFR16             0      0       0      17        0.0%
SFR16                0      0       0      17        0.0%
BITBANK7            50      0       0      18        0.0%
BITSFR17             0      0       0      18        0.0%
SFR17                0      0       0      18        0.0%
BANK7               50      0       0      19        0.0%
BITSFR18             0      0       0      19        0.0%
SFR18                0      0       0      19        0.0%
BITSFR19             0      0       0      20        0.0%
SFR19                0      0       0      20        0.0%
ABS                  0      0      20      20        0.0%
BITBANK8            50      0       0      21        0.0%
BITSFR20             0      0       0      21        0.0%
SFR20                0      0       0      21        0.0%
BANK8               50      0       0      22        0.0%
BITSFR21             0      0       0      22        0.0%
SFR21                0      0       0      22        0.0%
BITBANK9            50      0       0      23        0.0%
BITSFR22             0      0       0      23        0.0%
SFR22                0      0       0      23        0.0%
BANK9               50      0       0      24        0.0%
BITSFR23             0      0       0      24        0.0%
SFR23                0      0       0      24        0.0%
BITBANK10           50      0       0      25        0.0%
BITSFR24             0      0       0      25        0.0%
SFR24                0      0       0      25        0.0%
BANK10              50      0       0      26        0.0%
BITSFR25             0      0       0      26        0.0%
SFR25                0      0       0      26        0.0%
BITBANK11           50      0       0      27        0.0%
BITSFR26             0      0       0      27        0.0%
SFR26                0      0       0      27        0.0%
BANK11              50      0       0      28        0.0%
BITSFR27             0      0       0      28        0.0%
SFR27                0      0       0      28        0.0%
BITBANK12           30      0       0      29        0.0%
BITSFR28             0      0       0      29        0.0%
SFR28                0      0       0      29        0.0%
BANK12              30      0       0      30        0.0%
BITSFR29             0      0       0      30        0.0%
SFR29                0      0       0      30        0.0%
BITSFR30             0      0       0      31        0.0%
SFR30                0      0       0      31        0.0%
DATA                 0      0      20      31        0.0%
BITSFR31             0      0       0      32        0.0%
SFR31                0      0       0      32        0.0%


Microchip Technology PIC Macro Assembler V2.36 build 20220127204148 
Symbol Table                                                                                   Thu Oct 19 19:27:32 2023

                     l27 07DC                       l49 07AF                       l78 07A3  
                     u57 07E1                      l760 07AB                      l762 07AC  
                    l754 07A4                      l770 07C7                      l692 0799  
                    l764 07AD                      l756 07A7                      l780 07D1  
                    l772 07C8                      l694 079E                      l766 07AE  
                    l758 07AA                      l774 07CA                      l696 07A1  
                    l776 07CC                      l768 07C4                      l698 07A2  
                    l778 07CE                      _pot 0070                      wreg 0009  
                   _RCIF 008D                     _TXIF 008C                     _main 07C4  
                   fsr0h 0005                     fsr1h 0007                     fsr0l 0004  
                   fsr1l 0006                     btemp 007E         __end_of_ADC_Init 07A4  
                   start 0002                    ?_main 0076                    _RCREG 0199  
                  _SPBRG 019B                    _TXREG 019A                    wtemp0 007E  
        __initialization 07EB             __end_of_main 07EB                   ??_main 007A  
                 _ADRESH 009C                   _ADRESL 009B                   _BORCON 0116  
                 _OSCCON 0099        __end_of_UART_Init 07B0                   _buffer 0020  
                 _conver 0074                ?_ADC_Init 0076  __end_of__initialization 07FD  
         __pcstackCOMMON 0076             __pidataBANK0 07B0               ??_ADC_Init 0076  
             __pmaintext 07C4                  _OSCTUNE 0098                  __ptext1 07A4  
                __ptext2 0799     end_of_initialization 07FD                  init_ram 0793  
                initloop 0794                _RCSTAbits 019D                _UART_Init 07A4  
              _TRISAbits 008C                _TRISCbits 008E                _TXSTAbits 019E  
             ?_UART_Init 0076      start_initialization 07EB              __pdataBANK0 0020  
            __pbssCOMMON 0070                ___latbits 0003              ??_UART_Init 007A  
               _ADC_Init 0799        UART_Init@baudrate 0076               _ADCON0bits 009D  
             _ADCON1bits 009E               _ANSELAbits 018C  
