

Microchip MPLAB XC8 Assembler V2.36 build 20220127204148 
                                                                                               Fri Sep 15 09:34:09 2023

Microchip MPLAB XC8 C Compiler v2.36 (Free license) build 20220127204148 Og1 
     1                           	processor	16F1939
     2                           	pagewidth 120
     3                           	opt	flic
     4                           	psect	cinit,global,class=CODE,merge=1,delta=2
     5                           	psect	bssCOMMON,global,class=COMMON,space=1,delta=1,noexec
     6                           	psect	cstackCOMMON,global,class=COMMON,space=1,delta=1,noexec
     7                           	psect	maintext,global,class=CODE,merge=1,split=1,delta=2
     8                           	psect	text1,local,class=CODE,merge=1,delta=2
     9                           	psect	text2,local,class=CODE,merge=1,delta=2
    10                           	psect	idloc,global,abs,ovrld,class=IDLOC,space=5,delta=2,noexec
    11                           	psect	config,global,abs,ovrld,class=CONFIG,space=4,delta=2,noexec
    12                           	dabs	1,0x7E,2
    13  0000                     
    14                           ; Version 2.40
    15                           ; Generated 17/11/2021 GMT
    16                           ; 
    17                           ; Copyright © 2021, Microchip Technology Inc. and its subsidiaries ("Microchip")
    18                           ; All rights reserved.
    19                           ; 
    20                           ; This software is developed by Microchip Technology Inc. and its subsidiaries ("Microch
      +                          ip").
    21                           ; 
    22                           ; Redistribution and use in source and binary forms, with or without modification, are
    23                           ; permitted provided that the following conditions are met:
    24                           ; 
    25                           ;     1. Redistributions of source code must retain the above copyright notice, this lis
      +                          t of
    26                           ;        conditions and the following disclaimer.
    27                           ; 
    28                           ;     2. Redistributions in binary form must reproduce the above copyright notice, this 
      +                          list
    29                           ;        of conditions and the following disclaimer in the documentation and/or other
    30                           ;        materials provided with the distribution. Publication is not required when
    31                           ;        this file is used in an embedded application.
    32                           ; 
    33                           ;     3. Microchip's name may not be used to endorse or promote products derived from th
      +                          is
    34                           ;        software without specific prior written permission.
    35                           ; 
    36                           ; THIS SOFTWARE IS PROVIDED BY MICROCHIP "AS IS" AND ANY EXPRESS OR IMPLIED WARRANTIES,
    37                           ; INCLUDING, BUT NOT LIMITED TO, THE IMPLIED WARRANTIES OF MERCHANTABILITY AND FITNESS F
      +                          OR
    38                           ; PURPOSE ARE DISCLAIMED.  IN NO EVENT SHALL MICROCHIP BE LIABLE FOR ANY DIRECT, INDIREC
      +                          T,
    39                           ; INCIDENTAL, SPECIAL, EXEMPLARY, OR CONSEQUENTIAL DAMAGES (INCLUDING BUT NOT LIMITED TO
    40                           ; PROCUREMENT OF SUBSTITUTE GOODS OR SERVICES; LOSS OF USE, DATA OR PROFITS; OR BUSINESS
    41                           ; INTERRUPTION) HOWSOEVER CAUSED AND ON ANY THEORY OF LIABILITY, WHETHER IN CONTRACT, ST
      +                          RICT
    42                           ; LIABILITY, OR TORT (INCLUDING NEGLIGENCE OR OTHERWISE) ARISING IN ANY WAY OUT OF THE U
      +                          SE OF
    43                           ; THIS SOFTWARE, EVEN IF ADVISED OF THE POSSIBILITY OF SUCH DAMAGE.
    44                           ; 
    45                           ; 
    46                           ; Code-generator required, PIC16F1939 Definitions
    47                           ; 
    48                           ; SFR Addresses
    49  0000                     	;# 
    50  0001                     	;# 
    51  0002                     	;# 
    52  0003                     	;# 
    53  0004                     	;# 
    54  0005                     	;# 
    55  0006                     	;# 
    56  0007                     	;# 
    57  0008                     	;# 
    58  0009                     	;# 
    59  000A                     	;# 
    60  000B                     	;# 
    61  000C                     	;# 
    62  000D                     	;# 
    63  000E                     	;# 
    64  000F                     	;# 
    65  0010                     	;# 
    66  0011                     	;# 
    67  0012                     	;# 
    68  0013                     	;# 
    69  0015                     	;# 
    70  0016                     	;# 
    71  0016                     	;# 
    72  0017                     	;# 
    73  0018                     	;# 
    74  0019                     	;# 
    75  001A                     	;# 
    76  001B                     	;# 
    77  001C                     	;# 
    78  001E                     	;# 
    79  001F                     	;# 
    80  008C                     	;# 
    81  008D                     	;# 
    82  008E                     	;# 
    83  008F                     	;# 
    84  0090                     	;# 
    85  0091                     	;# 
    86  0092                     	;# 
    87  0093                     	;# 
    88  0095                     	;# 
    89  0096                     	;# 
    90  0097                     	;# 
    91  0098                     	;# 
    92  0099                     	;# 
    93  009A                     	;# 
    94  009B                     	;# 
    95  009B                     	;# 
    96  009C                     	;# 
    97  009D                     	;# 
    98  009E                     	;# 
    99  010C                     	;# 
   100  010D                     	;# 
   101  010E                     	;# 
   102  010F                     	;# 
   103  0110                     	;# 
   104  0111                     	;# 
   105  0112                     	;# 
   106  0113                     	;# 
   107  0114                     	;# 
   108  0115                     	;# 
   109  0116                     	;# 
   110  0117                     	;# 
   111  0118                     	;# 
   112  0119                     	;# 
   113  011A                     	;# 
   114  011B                     	;# 
   115  011D                     	;# 
   116  018C                     	;# 
   117  018D                     	;# 
   118  018F                     	;# 
   119  0190                     	;# 
   120  0191                     	;# 
   121  0191                     	;# 
   122  0192                     	;# 
   123  0193                     	;# 
   124  0193                     	;# 
   125  0193                     	;# 
   126  0194                     	;# 
   127  0195                     	;# 
   128  0196                     	;# 
   129  0199                     	;# 
   130  019A                     	;# 
   131  019B                     	;# 
   132  019B                     	;# 
   133  019B                     	;# 
   134  019B                     	;# 
   135  019C                     	;# 
   136  019C                     	;# 
   137  019D                     	;# 
   138  019E                     	;# 
   139  019F                     	;# 
   140  020D                     	;# 
   141  0210                     	;# 
   142  0211                     	;# 
   143  0212                     	;# 
   144  0213                     	;# 
   145  0214                     	;# 
   146  0215                     	;# 
   147  0215                     	;# 
   148  0216                     	;# 
   149  0217                     	;# 
   150  0291                     	;# 
   151  0291                     	;# 
   152  0292                     	;# 
   153  0293                     	;# 
   154  0294                     	;# 
   155  0295                     	;# 
   156  0295                     	;# 
   157  0296                     	;# 
   158  0298                     	;# 
   159  0298                     	;# 
   160  0299                     	;# 
   161  029A                     	;# 
   162  029B                     	;# 
   163  029C                     	;# 
   164  029C                     	;# 
   165  029D                     	;# 
   166  029E                     	;# 
   167  029F                     	;# 
   168  0311                     	;# 
   169  0311                     	;# 
   170  0312                     	;# 
   171  0313                     	;# 
   172  0314                     	;# 
   173  0315                     	;# 
   174  0315                     	;# 
   175  0316                     	;# 
   176  0318                     	;# 
   177  0318                     	;# 
   178  0319                     	;# 
   179  031A                     	;# 
   180  031C                     	;# 
   181  031C                     	;# 
   182  031D                     	;# 
   183  031E                     	;# 
   184  0394                     	;# 
   185  0395                     	;# 
   186  0396                     	;# 
   187  0415                     	;# 
   188  0416                     	;# 
   189  0417                     	;# 
   190  041C                     	;# 
   191  041D                     	;# 
   192  041E                     	;# 
   193  0791                     	;# 
   194  0792                     	;# 
   195  0793                     	;# 
   196  0794                     	;# 
   197  0795                     	;# 
   198  0798                     	;# 
   199  0799                     	;# 
   200  079A                     	;# 
   201  07A0                     	;# 
   202  07A1                     	;# 
   203  07A2                     	;# 
   204  07A3                     	;# 
   205  07A4                     	;# 
   206  07A5                     	;# 
   207  07A6                     	;# 
   208  07A7                     	;# 
   209  07A8                     	;# 
   210  07A9                     	;# 
   211  07AA                     	;# 
   212  07AB                     	;# 
   213  0FE4                     	;# 
   214  0FE5                     	;# 
   215  0FE6                     	;# 
   216  0FE7                     	;# 
   217  0FE8                     	;# 
   218  0FE9                     	;# 
   219  0FEA                     	;# 
   220  0FEB                     	;# 
   221  0FED                     	;# 
   222  0FEE                     	;# 
   223  0FEF                     	;# 
   224  0000                     	;# 
   225  0001                     	;# 
   226  0002                     	;# 
   227  0003                     	;# 
   228  0004                     	;# 
   229  0005                     	;# 
   230  0006                     	;# 
   231  0007                     	;# 
   232  0008                     	;# 
   233  0009                     	;# 
   234  000A                     	;# 
   235  000B                     	;# 
   236  000C                     	;# 
   237  000D                     	;# 
   238  000E                     	;# 
   239  000F                     	;# 
   240  0010                     	;# 
   241  0011                     	;# 
   242  0012                     	;# 
   243  0013                     	;# 
   244  0015                     	;# 
   245  0016                     	;# 
   246  0016                     	;# 
   247  0017                     	;# 
   248  0018                     	;# 
   249  0019                     	;# 
   250  001A                     	;# 
   251  001B                     	;# 
   252  001C                     	;# 
   253  001E                     	;# 
   254  001F                     	;# 
   255  008C                     	;# 
   256  008D                     	;# 
   257  008E                     	;# 
   258  008F                     	;# 
   259  0090                     	;# 
   260  0091                     	;# 
   261  0092                     	;# 
   262  0093                     	;# 
   263  0095                     	;# 
   264  0096                     	;# 
   265  0097                     	;# 
   266  0098                     	;# 
   267  0099                     	;# 
   268  009A                     	;# 
   269  009B                     	;# 
   270  009B                     	;# 
   271  009C                     	;# 
   272  009D                     	;# 
   273  009E                     	;# 
   274  010C                     	;# 
   275  010D                     	;# 
   276  010E                     	;# 
   277  010F                     	;# 
   278  0110                     	;# 
   279  0111                     	;# 
   280  0112                     	;# 
   281  0113                     	;# 
   282  0114                     	;# 
   283  0115                     	;# 
   284  0116                     	;# 
   285  0117                     	;# 
   286  0118                     	;# 
   287  0119                     	;# 
   288  011A                     	;# 
   289  011B                     	;# 
   290  011D                     	;# 
   291  018C                     	;# 
   292  018D                     	;# 
   293  018F                     	;# 
   294  0190                     	;# 
   295  0191                     	;# 
   296  0191                     	;# 
   297  0192                     	;# 
   298  0193                     	;# 
   299  0193                     	;# 
   300  0193                     	;# 
   301  0194                     	;# 
   302  0195                     	;# 
   303  0196                     	;# 
   304  0199                     	;# 
   305  019A                     	;# 
   306  019B                     	;# 
   307  019B                     	;# 
   308  019B                     	;# 
   309  019B                     	;# 
   310  019C                     	;# 
   311  019C                     	;# 
   312  019D                     	;# 
   313  019E                     	;# 
   314  019F                     	;# 
   315  020D                     	;# 
   316  0210                     	;# 
   317  0211                     	;# 
   318  0212                     	;# 
   319  0213                     	;# 
   320  0214                     	;# 
   321  0215                     	;# 
   322  0215                     	;# 
   323  0216                     	;# 
   324  0217                     	;# 
   325  0291                     	;# 
   326  0291                     	;# 
   327  0292                     	;# 
   328  0293                     	;# 
   329  0294                     	;# 
   330  0295                     	;# 
   331  0295                     	;# 
   332  0296                     	;# 
   333  0298                     	;# 
   334  0298                     	;# 
   335  0299                     	;# 
   336  029A                     	;# 
   337  029B                     	;# 
   338  029C                     	;# 
   339  029C                     	;# 
   340  029D                     	;# 
   341  029E                     	;# 
   342  029F                     	;# 
   343  0311                     	;# 
   344  0311                     	;# 
   345  0312                     	;# 
   346  0313                     	;# 
   347  0314                     	;# 
   348  0315                     	;# 
   349  0315                     	;# 
   350  0316                     	;# 
   351  0318                     	;# 
   352  0318                     	;# 
   353  0319                     	;# 
   354  031A                     	;# 
   355  031C                     	;# 
   356  031C                     	;# 
   357  031D                     	;# 
   358  031E                     	;# 
   359  0394                     	;# 
   360  0395                     	;# 
   361  0396                     	;# 
   362  0415                     	;# 
   363  0416                     	;# 
   364  0417                     	;# 
   365  041C                     	;# 
   366  041D                     	;# 
   367  041E                     	;# 
   368  0791                     	;# 
   369  0792                     	;# 
   370  0793                     	;# 
   371  0794                     	;# 
   372  0795                     	;# 
   373  0798                     	;# 
   374  0799                     	;# 
   375  079A                     	;# 
   376  07A0                     	;# 
   377  07A1                     	;# 
   378  07A2                     	;# 
   379  07A3                     	;# 
   380  07A4                     	;# 
   381  07A5                     	;# 
   382  07A6                     	;# 
   383  07A7                     	;# 
   384  07A8                     	;# 
   385  07A9                     	;# 
   386  07AA                     	;# 
   387  07AB                     	;# 
   388  0FE4                     	;# 
   389  0FE5                     	;# 
   390  0FE6                     	;# 
   391  0FE7                     	;# 
   392  0FE8                     	;# 
   393  0FE9                     	;# 
   394  0FEA                     	;# 
   395  0FEB                     	;# 
   396  0FED                     	;# 
   397  0FEE                     	;# 
   398  0FEF                     	;# 
   399  0000                     	;# 
   400  0001                     	;# 
   401  0002                     	;# 
   402  0003                     	;# 
   403  0004                     	;# 
   404  0005                     	;# 
   405  0006                     	;# 
   406  0007                     	;# 
   407  0008                     	;# 
   408  0009                     	;# 
   409  000A                     	;# 
   410  000B                     	;# 
   411  000C                     	;# 
   412  000D                     	;# 
   413  000E                     	;# 
   414  000F                     	;# 
   415  0010                     	;# 
   416  0011                     	;# 
   417  0012                     	;# 
   418  0013                     	;# 
   419  0015                     	;# 
   420  0016                     	;# 
   421  0016                     	;# 
   422  0017                     	;# 
   423  0018                     	;# 
   424  0019                     	;# 
   425  001A                     	;# 
   426  001B                     	;# 
   427  001C                     	;# 
   428  001E                     	;# 
   429  001F                     	;# 
   430  008C                     	;# 
   431  008D                     	;# 
   432  008E                     	;# 
   433  008F                     	;# 
   434  0090                     	;# 
   435  0091                     	;# 
   436  0092                     	;# 
   437  0093                     	;# 
   438  0095                     	;# 
   439  0096                     	;# 
   440  0097                     	;# 
   441  0098                     	;# 
   442  0099                     	;# 
   443  009A                     	;# 
   444  009B                     	;# 
   445  009B                     	;# 
   446  009C                     	;# 
   447  009D                     	;# 
   448  009E                     	;# 
   449  010C                     	;# 
   450  010D                     	;# 
   451  010E                     	;# 
   452  010F                     	;# 
   453  0110                     	;# 
   454  0111                     	;# 
   455  0112                     	;# 
   456  0113                     	;# 
   457  0114                     	;# 
   458  0115                     	;# 
   459  0116                     	;# 
   460  0117                     	;# 
   461  0118                     	;# 
   462  0119                     	;# 
   463  011A                     	;# 
   464  011B                     	;# 
   465  011D                     	;# 
   466  018C                     	;# 
   467  018D                     	;# 
   468  018F                     	;# 
   469  0190                     	;# 
   470  0191                     	;# 
   471  0191                     	;# 
   472  0192                     	;# 
   473  0193                     	;# 
   474  0193                     	;# 
   475  0193                     	;# 
   476  0194                     	;# 
   477  0195                     	;# 
   478  0196                     	;# 
   479  0199                     	;# 
   480  019A                     	;# 
   481  019B                     	;# 
   482  019B                     	;# 
   483  019B                     	;# 
   484  019B                     	;# 
   485  019C                     	;# 
   486  019C                     	;# 
   487  019D                     	;# 
   488  019E                     	;# 
   489  019F                     	;# 
   490  020D                     	;# 
   491  0210                     	;# 
   492  0211                     	;# 
   493  0212                     	;# 
   494  0213                     	;# 
   495  0214                     	;# 
   496  0215                     	;# 
   497  0215                     	;# 
   498  0216                     	;# 
   499  0217                     	;# 
   500  0291                     	;# 
   501  0291                     	;# 
   502  0292                     	;# 
   503  0293                     	;# 
   504  0294                     	;# 
   505  0295                     	;# 
   506  0295                     	;# 
   507  0296                     	;# 
   508  0298                     	;# 
   509  0298                     	;# 
   510  0299                     	;# 
   511  029A                     	;# 
   512  029B                     	;# 
   513  029C                     	;# 
   514  029C                     	;# 
   515  029D                     	;# 
   516  029E                     	;# 
   517  029F                     	;# 
   518  0311                     	;# 
   519  0311                     	;# 
   520  0312                     	;# 
   521  0313                     	;# 
   522  0314                     	;# 
   523  0315                     	;# 
   524  0315                     	;# 
   525  0316                     	;# 
   526  0318                     	;# 
   527  0318                     	;# 
   528  0319                     	;# 
   529  031A                     	;# 
   530  031C                     	;# 
   531  031C                     	;# 
   532  031D                     	;# 
   533  031E                     	;# 
   534  0394                     	;# 
   535  0395                     	;# 
   536  0396                     	;# 
   537  0415                     	;# 
   538  0416                     	;# 
   539  0417                     	;# 
   540  041C                     	;# 
   541  041D                     	;# 
   542  041E                     	;# 
   543  0791                     	;# 
   544  0792                     	;# 
   545  0793                     	;# 
   546  0794                     	;# 
   547  0795                     	;# 
   548  0798                     	;# 
   549  0799                     	;# 
   550  079A                     	;# 
   551  07A0                     	;# 
   552  07A1                     	;# 
   553  07A2                     	;# 
   554  07A3                     	;# 
   555  07A4                     	;# 
   556  07A5                     	;# 
   557  07A6                     	;# 
   558  07A7                     	;# 
   559  07A8                     	;# 
   560  07A9                     	;# 
   561  07AA                     	;# 
   562  07AB                     	;# 
   563  0FE4                     	;# 
   564  0FE5                     	;# 
   565  0FE6                     	;# 
   566  0FE7                     	;# 
   567  0FE8                     	;# 
   568  0FE9                     	;# 
   569  0FEA                     	;# 
   570  0FEB                     	;# 
   571  0FED                     	;# 
   572  0FEE                     	;# 
   573  0FEF                     	;# 
   574  0000                     	;# 
   575  0001                     	;# 
   576  0002                     	;# 
   577  0003                     	;# 
   578  0004                     	;# 
   579  0005                     	;# 
   580  0006                     	;# 
   581  0007                     	;# 
   582  0008                     	;# 
   583  0009                     	;# 
   584  000A                     	;# 
   585  000B                     	;# 
   586  000C                     	;# 
   587  000D                     	;# 
   588  000E                     	;# 
   589  000F                     	;# 
   590  0010                     	;# 
   591  0011                     	;# 
   592  0012                     	;# 
   593  0013                     	;# 
   594  0015                     	;# 
   595  0016                     	;# 
   596  0016                     	;# 
   597  0017                     	;# 
   598  0018                     	;# 
   599  0019                     	;# 
   600  001A                     	;# 
   601  001B                     	;# 
   602  001C                     	;# 
   603  001E                     	;# 
   604  001F                     	;# 
   605  008C                     	;# 
   606  008D                     	;# 
   607  008E                     	;# 
   608  008F                     	;# 
   609  0090                     	;# 
   610  0091                     	;# 
   611  0092                     	;# 
   612  0093                     	;# 
   613  0095                     	;# 
   614  0096                     	;# 
   615  0097                     	;# 
   616  0098                     	;# 
   617  0099                     	;# 
   618  009A                     	;# 
   619  009B                     	;# 
   620  009B                     	;# 
   621  009C                     	;# 
   622  009D                     	;# 
   623  009E                     	;# 
   624  010C                     	;# 
   625  010D                     	;# 
   626  010E                     	;# 
   627  010F                     	;# 
   628  0110                     	;# 
   629  0111                     	;# 
   630  0112                     	;# 
   631  0113                     	;# 
   632  0114                     	;# 
   633  0115                     	;# 
   634  0116                     	;# 
   635  0117                     	;# 
   636  0118                     	;# 
   637  0119                     	;# 
   638  011A                     	;# 
   639  011B                     	;# 
   640  011D                     	;# 
   641  018C                     	;# 
   642  018D                     	;# 
   643  018F                     	;# 
   644  0190                     	;# 
   645  0191                     	;# 
   646  0191                     	;# 
   647  0192                     	;# 
   648  0193                     	;# 
   649  0193                     	;# 
   650  0193                     	;# 
   651  0194                     	;# 
   652  0195                     	;# 
   653  0196                     	;# 
   654  0199                     	;# 
   655  019A                     	;# 
   656  019B                     	;# 
   657  019B                     	;# 
   658  019B                     	;# 
   659  019B                     	;# 
   660  019C                     	;# 
   661  019C                     	;# 
   662  019D                     	;# 
   663  019E                     	;# 
   664  019F                     	;# 
   665  020D                     	;# 
   666  0210                     	;# 
   667  0211                     	;# 
   668  0212                     	;# 
   669  0213                     	;# 
   670  0214                     	;# 
   671  0215                     	;# 
   672  0215                     	;# 
   673  0216                     	;# 
   674  0217                     	;# 
   675  0291                     	;# 
   676  0291                     	;# 
   677  0292                     	;# 
   678  0293                     	;# 
   679  0294                     	;# 
   680  0295                     	;# 
   681  0295                     	;# 
   682  0296                     	;# 
   683  0298                     	;# 
   684  0298                     	;# 
   685  0299                     	;# 
   686  029A                     	;# 
   687  029B                     	;# 
   688  029C                     	;# 
   689  029C                     	;# 
   690  029D                     	;# 
   691  029E                     	;# 
   692  029F                     	;# 
   693  0311                     	;# 
   694  0311                     	;# 
   695  0312                     	;# 
   696  0313                     	;# 
   697  0314                     	;# 
   698  0315                     	;# 
   699  0315                     	;# 
   700  0316                     	;# 
   701  0318                     	;# 
   702  0318                     	;# 
   703  0319                     	;# 
   704  031A                     	;# 
   705  031C                     	;# 
   706  031C                     	;# 
   707  031D                     	;# 
   708  031E                     	;# 
   709  0394                     	;# 
   710  0395                     	;# 
   711  0396                     	;# 
   712  0415                     	;# 
   713  0416                     	;# 
   714  0417                     	;# 
   715  041C                     	;# 
   716  041D                     	;# 
   717  041E                     	;# 
   718  0791                     	;# 
   719  0792                     	;# 
   720  0793                     	;# 
   721  0794                     	;# 
   722  0795                     	;# 
   723  0798                     	;# 
   724  0799                     	;# 
   725  079A                     	;# 
   726  07A0                     	;# 
   727  07A1                     	;# 
   728  07A2                     	;# 
   729  07A3                     	;# 
   730  07A4                     	;# 
   731  07A5                     	;# 
   732  07A6                     	;# 
   733  07A7                     	;# 
   734  07A8                     	;# 
   735  07A9                     	;# 
   736  07AA                     	;# 
   737  07AB                     	;# 
   738  0FE4                     	;# 
   739  0FE5                     	;# 
   740  0FE6                     	;# 
   741  0FE7                     	;# 
   742  0FE8                     	;# 
   743  0FE9                     	;# 
   744  0FEA                     	;# 
   745  0FEB                     	;# 
   746  0FED                     	;# 
   747  0FEE                     	;# 
   748  0FEF                     	;# 
   749  009B                     _ADRESL	set	155
   750  009C                     _ADRESH	set	156
   751  009D                     _ADCON0bits	set	157
   752  009E                     _ADCON1bits	set	158
   753  008E                     _TRISC	set	142
   754  008F                     _TRISD	set	143
   755  008C                     _TRISAbits	set	140
   756  0098                     _OSCTUNE	set	152
   757  0099                     _OSCCON	set	153
   758  010E                     _LATC	set	270
   759  010F                     _LATD	set	271
   760  0116                     _BORCON	set	278
   761  018F                     _ANSELD	set	399
   762  018C                     _ANSELAbits	set	396
   763                           
   764                           	psect	cinit
   765  07FB                     start_initialization:	
   766                           ; #config settings
   767                           
   768  07FB                     __initialization:
   769                           
   770                           ; Clear objects allocated to COMMON
   771  07FB  01F7               	clrf	__pbssCOMMON& (0+127)
   772  07FC  01F8               	clrf	(__pbssCOMMON+1)& (0+127)
   773  07FD                     end_of_initialization:	
   774                           ;End of C runtime variable initialization code
   775                           
   776  07FD                     __end_of__initialization:
   777  07FD  0020               	movlb	0
   778  07FE  3187  2FD0         	ljmp	_main	;jump to C main() function
   779                           
   780                           	psect	bssCOMMON
   781  0077                     __pbssCOMMON:
   782  0077                     _conver:
   783  0077                     	ds	2
   784                           
   785                           	psect	cstackCOMMON
   786  0070                     __pcstackCOMMON:
   787  0070                     ?_ADC_Init:
   788  0070                     ??_ADC_Init:	
   789                           ; 1 bytes @ 0x0
   790                           
   791  0070                     ?_main:	
   792                           ; 1 bytes @ 0x0
   793                           
   794  0070                     ?_ADC_Get_Value:	
   795                           ; 1 bytes @ 0x0
   796                           
   797                           
   798                           ; 2 bytes @ 0x0
   799  0070                     	ds	2
   800  0072                     ??_ADC_Get_Value:
   801                           
   802                           ; 1 bytes @ 0x2
   803  0072                     	ds	1
   804  0073                     ADC_Get_Value@ch:
   805                           
   806                           ; 1 bytes @ 0x3
   807  0073                     	ds	1
   808  0074                     ??_main:
   809                           
   810                           ; 1 bytes @ 0x4
   811  0074                     	ds	1
   812  0075                     main@conver:
   813                           
   814                           ; 2 bytes @ 0x5
   815  0075                     	ds	2
   816                           
   817                           	psect	maintext
   818  07D0                     __pmaintext:	
   819 ;;
   820 ;;Main: autosize = 0, tempsize = 1, incstack = 0, save=0
   821 ;;
   822 ;; *************** function _main *****************
   823 ;; Defined at:
   824 ;;		line 7 in file "main.c"
   825 ;; Parameters:    Size  Location     Type
   826 ;;		None
   827 ;; Auto vars:     Size  Location     Type
   828 ;;  conver          2    5[COMMON] int 
   829 ;; Return value:  Size  Location     Type
   830 ;;                  1    wreg      void 
   831 ;; Registers used:
   832 ;;		wreg, status,2, status,0, pclath, cstack
   833 ;; Tracked objects:
   834 ;;		On entry : B1F/0
   835 ;;		On exit  : 0/0
   836 ;;		Unchanged: 0/0
   837 ;; Data sizes:     COMMON   BANK0   BANK1   BANK2   BANK3   BANK4   BANK5   BANK6   BANK7   BANK8   BANK9  BANK10  BANK1
      +1  BANK12
   838 ;;      Params:         0       0       0       0       0       0       0       0       0       0       0       0       
      +0       0
   839 ;;      Locals:         2       0       0       0       0       0       0       0       0       0       0       0       
      +0       0
   840 ;;      Temps:          1       0       0       0       0       0       0       0       0       0       0       0       
      +0       0
   841 ;;      Totals:         3       0       0       0       0       0       0       0       0       0       0       0       
      +0       0
   842 ;;Total ram usage:        3 bytes
   843 ;; Hardware stack levels required when called: 1
   844 ;; This function calls:
   845 ;;		_ADC_Get_Value
   846 ;;		_ADC_Init
   847 ;; This function is called by:
   848 ;;		Startup code after reset
   849 ;; This function uses a non-reentrant model
   850 ;;
   851                           
   852  07D0                     _main:	
   853                           ;psect for function _main
   854                           
   855  07D0                     l707:	
   856                           ;incstack = 0
   857                           ; Regs used in _main: [wreg+status,2+status,0+pclath+cstack]
   858                           
   859                           
   860                           ;main.c: 8:     OSCCON = 0x72;
   861  07D0  3072               	movlw	114
   862  07D1  0021               	movlb	1	; select bank1
   863  07D2  0099               	movwf	25	;volatile
   864  07D3                     l709:
   865                           
   866                           ;main.c: 9:     OSCTUNE = 0x00;
   867  07D3  0198               	clrf	24	;volatile
   868  07D4                     l711:
   869                           
   870                           ;main.c: 10:     BORCON = 0x00;
   871  07D4  0022               	movlb	2	; select bank2
   872  07D5  0196               	clrf	22	;volatile
   873  07D6                     l713:
   874                           
   875                           ;main.c: 12:     ANSELAbits.ANSA0 = 1;
   876  07D6  0023               	movlb	3	; select bank3
   877  07D7  140C               	bsf	12,0	;volatile
   878  07D8                     l715:
   879                           
   880                           ;main.c: 13:     TRISAbits.TRISA0 = 1;
   881  07D8  0021               	movlb	1	; select bank1
   882  07D9  140C               	bsf	12,0	;volatile
   883  07DA                     l717:
   884                           
   885                           ;main.c: 15:     ANSELD = 0x00;
   886  07DA  0023               	movlb	3	; select bank3
   887  07DB  018F               	clrf	15	;volatile
   888  07DC                     l719:
   889                           
   890                           ;main.c: 16:     TRISD = 0x00;
   891  07DC  0021               	movlb	1	; select bank1
   892  07DD  018F               	clrf	15	;volatile
   893                           
   894                           ;main.c: 17:     TRISC = 0xF0;
   895  07DE  30F0               	movlw	240
   896  07DF  008E               	movwf	14	;volatile
   897  07E0                     l721:
   898                           
   899                           ;main.c: 19:     ADC_Init();
   900  07E0  3187  27AF  3187   	fcall	_ADC_Init
   901  07E3                     l723:
   902                           
   903                           ;main.c: 22:         int conver = ADC_Get_Value(0);
   904  07E3  3000               	movlw	0
   905  07E4  3187  27BA  3187   	fcall	_ADC_Get_Value
   906  07E7  0871               	movf	?_ADC_Get_Value+1,w
   907  07E8  00F6               	movwf	main@conver+1
   908  07E9  0870               	movf	?_ADC_Get_Value,w
   909  07EA  00F5               	movwf	main@conver
   910                           
   911                           ;main.c: 23:         LATD = conver&0x0FF;
   912  07EB  0875               	movf	main@conver,w
   913  07EC  0022               	movlb	2	; select bank2
   914  07ED  008F               	movwf	15	;volatile
   915  07EE                     l725:
   916                           
   917                           ;main.c: 24:         LATC = (conver&0x300)>>8;
   918  07EE  0876               	movf	main@conver+1,w
   919  07EF  3903               	andlw	3
   920  07F0  008E               	movwf	14	;volatile
   921  07F1                     l727:
   922                           
   923                           ;main.c: 25:         _delay((unsigned long)((20)*(32000000/4000.0)));
   924  07F1  30D0               	movlw	208
   925  07F2  00F4               	movwf	??_main
   926  07F3  30CA               	movlw	202
   927  07F4                     u37:
   928  07F4  0B89               	decfsz	9,f
   929  07F5  2FF4               	goto	u37
   930  07F6  0BF4               	decfsz	??_main,f
   931  07F7  2FF4               	goto	u37
   932  07F8  2FE3               	goto	l723
   933  07F9  3180  2802         	ljmp	start
   934  07FB                     __end_of_main:
   935                           
   936                           	psect	text1
   937  07AF                     __ptext1:	
   938 ;; *************** function _ADC_Init *****************
   939 ;; Defined at:
   940 ;;		line 3 in file "ADC.c"
   941 ;; Parameters:    Size  Location     Type
   942 ;;		None
   943 ;; Auto vars:     Size  Location     Type
   944 ;;		None
   945 ;; Return value:  Size  Location     Type
   946 ;;                  1    wreg      void 
   947 ;; Registers used:
   948 ;;		wreg, status,2, status,0
   949 ;; Tracked objects:
   950 ;;		On entry : 0/0
   951 ;;		On exit  : 0/0
   952 ;;		Unchanged: 0/0
   953 ;; Data sizes:     COMMON   BANK0   BANK1   BANK2   BANK3   BANK4   BANK5   BANK6   BANK7   BANK8   BANK9  BANK10  BANK1
      +1  BANK12
   954 ;;      Params:         0       0       0       0       0       0       0       0       0       0       0       0       
      +0       0
   955 ;;      Locals:         0       0       0       0       0       0       0       0       0       0       0       0       
      +0       0
   956 ;;      Temps:          0       0       0       0       0       0       0       0       0       0       0       0       
      +0       0
   957 ;;      Totals:         0       0       0       0       0       0       0       0       0       0       0       0       
      +0       0
   958 ;;Total ram usage:        0 bytes
   959 ;; Hardware stack levels used: 1
   960 ;; This function calls:
   961 ;;		Nothing
   962 ;; This function is called by:
   963 ;;		_main
   964 ;; This function uses a non-reentrant model
   965 ;;
   966                           
   967  07AF                     _ADC_Init:	
   968                           ;psect for function _ADC_Init
   969                           
   970  07AF                     l661:	
   971                           ;incstack = 0
   972                           ; Regs used in _ADC_Init: [wreg+status,2+status,0]
   973                           
   974                           
   975                           ;ADC.c: 4:     ADCON1bits.ADFM = 1;
   976  07AF  0021               	movlb	1	; select bank1
   977  07B0  179E               	bsf	30,7	;volatile
   978  07B1                     l663:
   979                           
   980                           ;ADC.c: 5:     ADCON1bits.ADCS = 0b110;
   981  07B1  081E               	movf	30,w	;volatile
   982  07B2  398F               	andlw	-113
   983  07B3  3860               	iorlw	96
   984  07B4  009E               	movwf	30	;volatile
   985  07B5                     l665:
   986                           
   987                           ;ADC.c: 6:     ADCON1bits.ADNREF = 0;
   988  07B5  111E               	bcf	30,2	;volatile
   989                           
   990                           ;ADC.c: 7:     ADCON1bits.ADPREF = 0b00;
   991  07B6  30FC               	movlw	-4
   992  07B7  059E               	andwf	30,f	;volatile
   993  07B8                     l667:
   994                           
   995                           ;ADC.c: 8:     ADCON0bits.ADON = 1;
   996  07B8  141D               	bsf	29,0	;volatile
   997  07B9                     l47:
   998  07B9  0008               	return
   999  07BA                     __end_of_ADC_Init:
  1000                           
  1001                           	psect	text2
  1002  07BA                     __ptext2:	
  1003 ;; *************** function _ADC_Get_Value *****************
  1004 ;; Defined at:
  1005 ;;		line 10 in file "ADC.c"
  1006 ;; Parameters:    Size  Location     Type
  1007 ;;  ch              1    wreg     unsigned char 
  1008 ;; Auto vars:     Size  Location     Type
  1009 ;;  ch              1    3[COMMON] unsigned char 
  1010 ;; Return value:  Size  Location     Type
  1011 ;;                  2    0[COMMON] int 
  1012 ;; Registers used:
  1013 ;;		wreg, status,2, status,0
  1014 ;; Tracked objects:
  1015 ;;		On entry : 0/0
  1016 ;;		On exit  : 0/0
  1017 ;;		Unchanged: 0/0
  1018 ;; Data sizes:     COMMON   BANK0   BANK1   BANK2   BANK3   BANK4   BANK5   BANK6   BANK7   BANK8   BANK9  BANK10  BANK1
      +1  BANK12
  1019 ;;      Params:         2       0       0       0       0       0       0       0       0       0       0       0       
      +0       0
  1020 ;;      Locals:         1       0       0       0       0       0       0       0       0       0       0       0       
      +0       0
  1021 ;;      Temps:          1       0       0       0       0       0       0       0       0       0       0       0       
      +0       0
  1022 ;;      Totals:         4       0       0       0       0       0       0       0       0       0       0       0       
      +0       0
  1023 ;;Total ram usage:        4 bytes
  1024 ;; Hardware stack levels used: 1
  1025 ;; This function calls:
  1026 ;;		Nothing
  1027 ;; This function is called by:
  1028 ;;		_main
  1029 ;; This function uses a non-reentrant model
  1030 ;;
  1031                           
  1032  07BA                     _ADC_Get_Value:	
  1033                           ;psect for function _ADC_Get_Value
  1034                           
  1035                           
  1036                           ;incstack = 0
  1037                           ; Regs used in _ADC_Get_Value: [wreg+status,2+status,0]
  1038                           ;ADC_Get_Value@ch stored from wreg
  1039  07BA  00F3               	movwf	ADC_Get_Value@ch
  1040  07BB                     l699:
  1041                           
  1042                           ;ADC.c: 11:     ADCON0bits.CHS = ch & 0x1F;
  1043  07BB  0873               	movf	ADC_Get_Value@ch,w
  1044  07BC  391F               	andlw	31
  1045  07BD  00F2               	movwf	??_ADC_Get_Value
  1046  07BE  0DF2               	rlf	??_ADC_Get_Value,f
  1047  07BF  0DF2               	rlf	??_ADC_Get_Value,f
  1048  07C0  0021               	movlb	1	; select bank1
  1049  07C1  081D               	movf	29,w	;volatile
  1050  07C2  0672               	xorwf	??_ADC_Get_Value,w
  1051  07C3  3983               	andlw	-125
  1052  07C4  0672               	xorwf	??_ADC_Get_Value,w
  1053  07C5  009D               	movwf	29	;volatile
  1054  07C6                     l701:
  1055                           
  1056                           ;ADC.c: 12:     ADCON0bits.GO_nDONE = 1;
  1057  07C6  149D               	bsf	29,1	;volatile
  1058  07C7                     l50:	
  1059                           ;ADC.c: 13:     while(ADCON0bits.GO_nDONE == 1);
  1060                           
  1061  07C7  189D               	btfsc	29,1	;volatile
  1062  07C8  2FCA               	goto	u21
  1063  07C9  2FCB               	goto	u20
  1064  07CA                     u21:
  1065  07CA  2FC7               	goto	l50
  1066  07CB                     u20:
  1067  07CB                     l703:
  1068                           
  1069                           ;ADC.c: 14:     return ( (ADRESH<<8) | ADRESL );
  1070  07CB  081C               	movf	28,w	;volatile
  1071  07CC  00F1               	movwf	?_ADC_Get_Value+1
  1072  07CD  081B               	movf	27,w	;volatile
  1073  07CE  00F0               	movwf	?_ADC_Get_Value
  1074  07CF                     l53:
  1075  07CF  0008               	return
  1076  07D0                     __end_of_ADC_Get_Value:
  1077  007E                     btemp	set	126	;btemp
  1078  007E                     wtemp0	set	126
  1079                           
  1080                           	psect	idloc
  1081                           
  1082                           ;Config register IDLOC0 @ 0x8000
  1083                           ;	unspecified, using default values
  1084  8000                     	org	32768
  1085  8000  3FFF               	dw	16383
  1086                           
  1087                           ;Config register IDLOC1 @ 0x8001
  1088                           ;	unspecified, using default values
  1089  8001                     	org	32769
  1090  8001  3FFF               	dw	16383
  1091                           
  1092                           ;Config register IDLOC2 @ 0x8002
  1093                           ;	unspecified, using default values
  1094  8002                     	org	32770
  1095  8002  3FFF               	dw	16383
  1096                           
  1097                           ;Config register IDLOC3 @ 0x8003
  1098                           ;	unspecified, using default values
  1099  8003                     	org	32771
  1100  8003  3FFF               	dw	16383
  1101                           
  1102                           	psect	config
  1103                           
  1104                           ;Config register CONFIG1 @ 0x8007
  1105                           ;	Oscillator Selection
  1106                           ;	FOSC = INTOSC, INTOSC oscillator: I/O function on CLKIN pin
  1107                           ;	Watchdog Timer Enable
  1108                           ;	WDTE = OFF, WDT disabled
  1109                           ;	Power-up Timer Enable
  1110                           ;	PWRTE = OFF, PWRT disabled
  1111                           ;	MCLR Pin Function Select
  1112                           ;	MCLRE = ON, MCLR/VPP pin function is MCLR
  1113                           ;	Flash Program Memory Code Protection
  1114                           ;	CP = OFF, Program memory code protection is disabled
  1115                           ;	Data Memory Code Protection
  1116                           ;	CPD = OFF, Data memory code protection is disabled
  1117                           ;	Brown-out Reset Enable
  1118                           ;	BOREN = ON, Brown-out Reset enabled
  1119                           ;	Clock Out Enable
  1120                           ;	CLKOUTEN = OFF, CLKOUT function is disabled. I/O or oscillator function on the CLKOUT 
      +                          pin
  1121                           ;	Internal/External Switchover
  1122                           ;	IESO = ON, Internal/External Switchover mode is enabled
  1123                           ;	Fail-Safe Clock Monitor Enable
  1124                           ;	FCMEN = ON, Fail-Safe Clock Monitor is enabled
  1125  8007                     	org	32775
  1126  8007  3FE4               	dw	16356
  1127                           
  1128                           ;Config register CONFIG2 @ 0x8008
  1129                           ;	Flash Memory Self-Write Protection
  1130                           ;	WRT = OFF, Write protection off
  1131                           ;	Voltage Regulator Capacitor Enable
  1132                           ;	VCAPEN = OFF, All VCAP pin functionality is disabled
  1133                           ;	PLL Enable
  1134                           ;	PLLEN = ON, 4x PLL enabled
  1135                           ;	Stack Overflow/Underflow Reset Enable
  1136                           ;	STVREN = ON, Stack Overflow or Underflow will cause a Reset
  1137                           ;	Brown-out Reset Voltage Selection
  1138                           ;	BORV = LO, Brown-out Reset Voltage (Vbor), low trip point selected.
  1139                           ;	Low-Voltage Programming Enable
  1140                           ;	LVP = ON, Low-voltage programming enabled
  1141  8008                     	org	32776
  1142  8008  3FFF               	dw	16383

Data Sizes:
    Strings     0
    Constant    0
    Data        0
    BSS         2
    Persistent  32
    Stack       0

Auto Spaces:
    Space          Size  Autos    Used
    COMMON           14      7       9
    BANK0            80      0       0
    BANK1            80      0       0
    BANK2            80      0       0
    BANK3            80      0       0
    BANK4            80      0       0
    BANK5            80      0       0
    BANK6            80      0       0
    BANK7            80      0       0
    BANK8            80      0       0
    BANK9            80      0       0
    BANK10           80      0       0
    BANK11           80      0       0
    BANK12           48      0       0

Pointer List with Targets:

    None.

Critical Paths under _main in COMMON

    _main->_ADC_Get_Value

Critical Paths under _main in BANK0

    None.

Critical Paths under _main in BANK1

    None.

Critical Paths under _main in BANK2

    None.

Critical Paths under _main in BANK3

    None.

Critical Paths under _main in BANK4

    None.

Critical Paths under _main in BANK5

    None.

Critical Paths under _main in BANK6

    None.

Critical Paths under _main in BANK7

    None.

Critical Paths under _main in BANK8

    None.

Critical Paths under _main in BANK9

    None.

Critical Paths under _main in BANK10

    None.

Critical Paths under _main in BANK11

    None.

Critical Paths under _main in BANK12

    None.

Call Graph Tables:

 ---------------------------------------------------------------------------------
 (Depth) Function   	        Calls       Base Space   Used Autos Params    Refs
 ---------------------------------------------------------------------------------
 (0) _main                                                 3     3      0      67
                                              4 COMMON     3     3      0
                      _ADC_Get_Value
                           _ADC_Init
 ---------------------------------------------------------------------------------
 (1) _ADC_Init                                             0     0      0       0
 ---------------------------------------------------------------------------------
 (1) _ADC_Get_Value                                        4     2      2      22
                                              0 COMMON     4     2      2
 ---------------------------------------------------------------------------------
 Estimated maximum stack depth 1
 ---------------------------------------------------------------------------------

 Call Graph Graphs:

 _main (ROOT)
   _ADC_Get_Value
   _ADC_Init

 Address spaces:
Name               Size   Autos  Total    Cost      Usage
BIGRAM             3F0      0       0       0        0.0%
EEDATA             100      0       0       0        0.0%
NULL                 0      0       0       0        0.0%
CODE                 0      0       0       0        0.0%
BITCOMMON            E      0       0       1        0.0%
BITSFR0              0      0       0       1        0.0%
SFR0                 0      0       0       1        0.0%
COMMON               E      7       9       2       64.3%
BITSFR1              0      0       0       2        0.0%
SFR1                 0      0       0       2        0.0%
BITSFR2              0      0       0       3        0.0%
SFR2                 0      0       0       3        0.0%
STACK                0      0       0       3        0.0%
BITBANK0            50      0       0       4        0.0%
BITSFR3              0      0       0       4        0.0%
SFR3                 0      0       0       4        0.0%
BANK0               50      0       0       5        0.0%
BITSFR4              0      0       0       5        0.0%
SFR4                 0      0       0       5        0.0%
BITBANK1            50      0       0       6        0.0%
BITSFR5              0      0       0       6        0.0%
SFR5                 0      0       0       6        0.0%
BANK1               50      0       0       7        0.0%
BITSFR6              0      0       0       7        0.0%
SFR6                 0      0       0       7        0.0%
BITBANK2            50      0       0       8        0.0%
BITSFR7              0      0       0       8        0.0%
SFR7                 0      0       0       8        0.0%
BANK2               50      0       0       9        0.0%
BITSFR8              0      0       0       9        0.0%
SFR8                 0      0       0       9        0.0%
BITBANK3            50      0       0      10        0.0%
BITSFR9              0      0       0      10        0.0%
SFR9                 0      0       0      10        0.0%
BANK3               50      0       0      11        0.0%
BITSFR10             0      0       0      11        0.0%
SFR10                0      0       0      11        0.0%
BITBANK4            50      0       0      12        0.0%
BITSFR11             0      0       0      12        0.0%
SFR11                0      0       0      12        0.0%
BANK4               50      0       0      13        0.0%
BITSFR12             0      0       0      13        0.0%
SFR12                0      0       0      13        0.0%
BITBANK5            50      0       0      14        0.0%
BITSFR13             0      0       0      14        0.0%
SFR13                0      0       0      14        0.0%
BANK5               50      0       0      15        0.0%
BITSFR14             0      0       0      15        0.0%
SFR14                0      0       0      15        0.0%
BITBANK6            50      0       0      16        0.0%
BITSFR15             0      0       0      16        0.0%
SFR15                0      0       0      16        0.0%
BANK6               50      0       0      17        0.0%
BITSFR16             0      0       0      17        0.0%
SFR16                0      0       0      17        0.0%
BITBANK7            50      0       0      18        0.0%
BITSFR17             0      0       0      18        0.0%
SFR17                0      0       0      18        0.0%
BANK7               50      0       0      19        0.0%
BITSFR18             0      0       0      19        0.0%
SFR18                0      0       0      19        0.0%
BITSFR19             0      0       0      20        0.0%
SFR19                0      0       0      20        0.0%
ABS                  0      0       9      20        0.0%
BITBANK8            50      0       0      21        0.0%
BITSFR20             0      0       0      21        0.0%
SFR20                0      0       0      21        0.0%
BANK8               50      0       0      22        0.0%
BITSFR21             0      0       0      22        0.0%
SFR21                0      0       0      22        0.0%
BITBANK9            50      0       0      23        0.0%
BITSFR22             0      0       0      23        0.0%
SFR22                0      0       0      23        0.0%
BANK9               50      0       0      24        0.0%
BITSFR23             0      0       0      24        0.0%
SFR23                0      0       0      24        0.0%
BITBANK10           50      0       0      25        0.0%
BITSFR24             0      0       0      25        0.0%
SFR24                0      0       0      25        0.0%
BANK10              50      0       0      26        0.0%
BITSFR25             0      0       0      26        0.0%
SFR25                0      0       0      26        0.0%
BITBANK11           50      0       0      27        0.0%
BITSFR26             0      0       0      27        0.0%
SFR26                0      0       0      27        0.0%
BANK11              50      0       0      28        0.0%
BITSFR27             0      0       0      28        0.0%
SFR27                0      0       0      28        0.0%
BITBANK12           30      0       0      29        0.0%
BITSFR28             0      0       0      29        0.0%
SFR28                0      0       0      29        0.0%
BANK12              30      0       0      30        0.0%
BITSFR29             0      0       0      30        0.0%
SFR29                0      0       0      30        0.0%
BITSFR30             0      0       0      31        0.0%
SFR30                0      0       0      31        0.0%
DATA                 0      0       9      31        0.0%
BITSFR31             0      0       0      32        0.0%
SFR31                0      0       0      32        0.0%


Microchip Technology PIC Macro Assembler V2.36 build 20220127204148 
Symbol Table                                                                                   Fri Sep 15 09:34:09 2023

                     l50 07C7                       l53 07CF                       l47 07B9  
                     u20 07CB                       u21 07CA                       u37 07F4  
                    l701 07C6                      l703 07CB                      l711 07D4  
                    l721 07E0                      l713 07D6                      l723 07E3  
                    l715 07D8                      l707 07D0                      l661 07AF  
                    l725 07EE                      l717 07DA                      l709 07D3  
                    l663 07B1                      l727 07F1                      l719 07DC  
                    l665 07B5                      l667 07B8                      l699 07BB  
        ADC_Get_Value@ch 0073                      wreg 0009                     _LATC 010E  
                   _LATD 010F                     _main 07D0                     btemp 007E  
       __end_of_ADC_Init 07BA                     start 0002                    ?_main 0070  
                  _TRISC 008E                    _TRISD 008F                    wtemp0 007E  
        __initialization 07FB             __end_of_main 07FB                   ??_main 0074  
                 _ADRESH 009C                   _ADRESL 009B                   _ANSELD 018F  
                 _BORCON 0116                   _OSCCON 0099                   _conver 0077  
              ?_ADC_Init 0070            _ADC_Get_Value 07BA  __end_of__initialization 07FD  
         __pcstackCOMMON 0070               ??_ADC_Init 0070           ?_ADC_Get_Value 0070  
             __pmaintext 07D0                  _OSCTUNE 0098                  __ptext1 07AF  
                __ptext2 07BA          ??_ADC_Get_Value 0072     end_of_initialization 07FD  
              _TRISAbits 008C               main@conver 0075      start_initialization 07FB  
            __pbssCOMMON 0077                ___latbits 0003                 _ADC_Init 07AF  
             _ADCON0bits 009D               _ADCON1bits 009E    __end_of_ADC_Get_Value 07D0  
             _ANSELAbits 018C  
