

Microchip MPLAB XC8 Assembler V2.36 build 20220127204148 
                                                                                               Wed Aug 16 15:04:45 2023

Microchip MPLAB XC8 C Compiler v2.36 (Free license) build 20220127204148 Og1 
     1                           	processor	16F1939
     2                           	pagewidth 120
     3                           	opt	flic
     4                           	psect	cinit,global,class=CODE,merge=1,delta=2
     5                           	psect	cstackCOMMON,global,class=COMMON,space=1,delta=1,noexec
     6                           	psect	maintext,global,class=CODE,merge=1,split=1,delta=2
     7                           	psect	idloc,global,abs,ovrld,class=IDLOC,space=5,delta=2,noexec
     8                           	psect	config,global,abs,ovrld,class=CONFIG,space=4,delta=2,noexec
     9                           	dabs	1,0x7E,2
    10  0000                     
    11                           ; Version 2.40
    12                           ; Generated 17/11/2021 GMT
    13                           ; 
    14                           ; Copyright © 2021, Microchip Technology Inc. and its subsidiaries ("Microchip")
    15                           ; All rights reserved.
    16                           ; 
    17                           ; This software is developed by Microchip Technology Inc. and its subsidiaries ("Microch
      +                          ip").
    18                           ; 
    19                           ; Redistribution and use in source and binary forms, with or without modification, are
    20                           ; permitted provided that the following conditions are met:
    21                           ; 
    22                           ;     1. Redistributions of source code must retain the above copyright notice, this lis
      +                          t of
    23                           ;        conditions and the following disclaimer.
    24                           ; 
    25                           ;     2. Redistributions in binary form must reproduce the above copyright notice, this 
      +                          list
    26                           ;        of conditions and the following disclaimer in the documentation and/or other
    27                           ;        materials provided with the distribution. Publication is not required when
    28                           ;        this file is used in an embedded application.
    29                           ; 
    30                           ;     3. Microchip's name may not be used to endorse or promote products derived from th
      +                          is
    31                           ;        software without specific prior written permission.
    32                           ; 
    33                           ; THIS SOFTWARE IS PROVIDED BY MICROCHIP "AS IS" AND ANY EXPRESS OR IMPLIED WARRANTIES,
    34                           ; INCLUDING, BUT NOT LIMITED TO, THE IMPLIED WARRANTIES OF MERCHANTABILITY AND FITNESS F
      +                          OR
    35                           ; PURPOSE ARE DISCLAIMED.  IN NO EVENT SHALL MICROCHIP BE LIABLE FOR ANY DIRECT, INDIREC
      +                          T,
    36                           ; INCIDENTAL, SPECIAL, EXEMPLARY, OR CONSEQUENTIAL DAMAGES (INCLUDING BUT NOT LIMITED TO
    37                           ; PROCUREMENT OF SUBSTITUTE GOODS OR SERVICES; LOSS OF USE, DATA OR PROFITS; OR BUSINESS
    38                           ; INTERRUPTION) HOWSOEVER CAUSED AND ON ANY THEORY OF LIABILITY, WHETHER IN CONTRACT, ST
      +                          RICT
    39                           ; LIABILITY, OR TORT (INCLUDING NEGLIGENCE OR OTHERWISE) ARISING IN ANY WAY OUT OF THE U
      +                          SE OF
    40                           ; THIS SOFTWARE, EVEN IF ADVISED OF THE POSSIBILITY OF SUCH DAMAGE.
    41                           ; 
    42                           ; 
    43                           ; Code-generator required, PIC16F1939 Definitions
    44                           ; 
    45                           ; SFR Addresses
    46  0000                     	;# 
    47  0001                     	;# 
    48  0002                     	;# 
    49  0003                     	;# 
    50  0004                     	;# 
    51  0005                     	;# 
    52  0006                     	;# 
    53  0007                     	;# 
    54  0008                     	;# 
    55  0009                     	;# 
    56  000A                     	;# 
    57  000B                     	;# 
    58  000C                     	;# 
    59  000D                     	;# 
    60  000E                     	;# 
    61  000F                     	;# 
    62  0010                     	;# 
    63  0011                     	;# 
    64  0012                     	;# 
    65  0013                     	;# 
    66  0015                     	;# 
    67  0016                     	;# 
    68  0016                     	;# 
    69  0017                     	;# 
    70  0018                     	;# 
    71  0019                     	;# 
    72  001A                     	;# 
    73  001B                     	;# 
    74  001C                     	;# 
    75  001E                     	;# 
    76  001F                     	;# 
    77  008C                     	;# 
    78  008D                     	;# 
    79  008E                     	;# 
    80  008F                     	;# 
    81  0090                     	;# 
    82  0091                     	;# 
    83  0092                     	;# 
    84  0093                     	;# 
    85  0095                     	;# 
    86  0096                     	;# 
    87  0097                     	;# 
    88  0098                     	;# 
    89  0099                     	;# 
    90  009A                     	;# 
    91  009B                     	;# 
    92  009B                     	;# 
    93  009C                     	;# 
    94  009D                     	;# 
    95  009E                     	;# 
    96  010C                     	;# 
    97  010D                     	;# 
    98  010E                     	;# 
    99  010F                     	;# 
   100  0110                     	;# 
   101  0111                     	;# 
   102  0112                     	;# 
   103  0113                     	;# 
   104  0114                     	;# 
   105  0115                     	;# 
   106  0116                     	;# 
   107  0117                     	;# 
   108  0118                     	;# 
   109  0119                     	;# 
   110  011A                     	;# 
   111  011B                     	;# 
   112  011D                     	;# 
   113  018C                     	;# 
   114  018D                     	;# 
   115  018F                     	;# 
   116  0190                     	;# 
   117  0191                     	;# 
   118  0191                     	;# 
   119  0192                     	;# 
   120  0193                     	;# 
   121  0193                     	;# 
   122  0193                     	;# 
   123  0194                     	;# 
   124  0195                     	;# 
   125  0196                     	;# 
   126  0199                     	;# 
   127  019A                     	;# 
   128  019B                     	;# 
   129  019B                     	;# 
   130  019B                     	;# 
   131  019B                     	;# 
   132  019C                     	;# 
   133  019C                     	;# 
   134  019D                     	;# 
   135  019E                     	;# 
   136  019F                     	;# 
   137  020D                     	;# 
   138  0210                     	;# 
   139  0211                     	;# 
   140  0212                     	;# 
   141  0213                     	;# 
   142  0214                     	;# 
   143  0215                     	;# 
   144  0215                     	;# 
   145  0216                     	;# 
   146  0217                     	;# 
   147  0291                     	;# 
   148  0291                     	;# 
   149  0292                     	;# 
   150  0293                     	;# 
   151  0294                     	;# 
   152  0295                     	;# 
   153  0295                     	;# 
   154  0296                     	;# 
   155  0298                     	;# 
   156  0298                     	;# 
   157  0299                     	;# 
   158  029A                     	;# 
   159  029B                     	;# 
   160  029C                     	;# 
   161  029C                     	;# 
   162  029D                     	;# 
   163  029E                     	;# 
   164  029F                     	;# 
   165  0311                     	;# 
   166  0311                     	;# 
   167  0312                     	;# 
   168  0313                     	;# 
   169  0314                     	;# 
   170  0315                     	;# 
   171  0315                     	;# 
   172  0316                     	;# 
   173  0318                     	;# 
   174  0318                     	;# 
   175  0319                     	;# 
   176  031A                     	;# 
   177  031C                     	;# 
   178  031C                     	;# 
   179  031D                     	;# 
   180  031E                     	;# 
   181  0394                     	;# 
   182  0395                     	;# 
   183  0396                     	;# 
   184  0415                     	;# 
   185  0416                     	;# 
   186  0417                     	;# 
   187  041C                     	;# 
   188  041D                     	;# 
   189  041E                     	;# 
   190  0791                     	;# 
   191  0792                     	;# 
   192  0793                     	;# 
   193  0794                     	;# 
   194  0795                     	;# 
   195  0798                     	;# 
   196  0799                     	;# 
   197  079A                     	;# 
   198  07A0                     	;# 
   199  07A1                     	;# 
   200  07A2                     	;# 
   201  07A3                     	;# 
   202  07A4                     	;# 
   203  07A5                     	;# 
   204  07A6                     	;# 
   205  07A7                     	;# 
   206  07A8                     	;# 
   207  07A9                     	;# 
   208  07AA                     	;# 
   209  07AB                     	;# 
   210  0FE4                     	;# 
   211  0FE5                     	;# 
   212  0FE6                     	;# 
   213  0FE7                     	;# 
   214  0FE8                     	;# 
   215  0FE9                     	;# 
   216  0FEA                     	;# 
   217  0FEB                     	;# 
   218  0FED                     	;# 
   219  0FEE                     	;# 
   220  0FEF                     	;# 
   221  0000                     	;# 
   222  0001                     	;# 
   223  0002                     	;# 
   224  0003                     	;# 
   225  0004                     	;# 
   226  0005                     	;# 
   227  0006                     	;# 
   228  0007                     	;# 
   229  0008                     	;# 
   230  0009                     	;# 
   231  000A                     	;# 
   232  000B                     	;# 
   233  000C                     	;# 
   234  000D                     	;# 
   235  000E                     	;# 
   236  000F                     	;# 
   237  0010                     	;# 
   238  0011                     	;# 
   239  0012                     	;# 
   240  0013                     	;# 
   241  0015                     	;# 
   242  0016                     	;# 
   243  0016                     	;# 
   244  0017                     	;# 
   245  0018                     	;# 
   246  0019                     	;# 
   247  001A                     	;# 
   248  001B                     	;# 
   249  001C                     	;# 
   250  001E                     	;# 
   251  001F                     	;# 
   252  008C                     	;# 
   253  008D                     	;# 
   254  008E                     	;# 
   255  008F                     	;# 
   256  0090                     	;# 
   257  0091                     	;# 
   258  0092                     	;# 
   259  0093                     	;# 
   260  0095                     	;# 
   261  0096                     	;# 
   262  0097                     	;# 
   263  0098                     	;# 
   264  0099                     	;# 
   265  009A                     	;# 
   266  009B                     	;# 
   267  009B                     	;# 
   268  009C                     	;# 
   269  009D                     	;# 
   270  009E                     	;# 
   271  010C                     	;# 
   272  010D                     	;# 
   273  010E                     	;# 
   274  010F                     	;# 
   275  0110                     	;# 
   276  0111                     	;# 
   277  0112                     	;# 
   278  0113                     	;# 
   279  0114                     	;# 
   280  0115                     	;# 
   281  0116                     	;# 
   282  0117                     	;# 
   283  0118                     	;# 
   284  0119                     	;# 
   285  011A                     	;# 
   286  011B                     	;# 
   287  011D                     	;# 
   288  018C                     	;# 
   289  018D                     	;# 
   290  018F                     	;# 
   291  0190                     	;# 
   292  0191                     	;# 
   293  0191                     	;# 
   294  0192                     	;# 
   295  0193                     	;# 
   296  0193                     	;# 
   297  0193                     	;# 
   298  0194                     	;# 
   299  0195                     	;# 
   300  0196                     	;# 
   301  0199                     	;# 
   302  019A                     	;# 
   303  019B                     	;# 
   304  019B                     	;# 
   305  019B                     	;# 
   306  019B                     	;# 
   307  019C                     	;# 
   308  019C                     	;# 
   309  019D                     	;# 
   310  019E                     	;# 
   311  019F                     	;# 
   312  020D                     	;# 
   313  0210                     	;# 
   314  0211                     	;# 
   315  0212                     	;# 
   316  0213                     	;# 
   317  0214                     	;# 
   318  0215                     	;# 
   319  0215                     	;# 
   320  0216                     	;# 
   321  0217                     	;# 
   322  0291                     	;# 
   323  0291                     	;# 
   324  0292                     	;# 
   325  0293                     	;# 
   326  0294                     	;# 
   327  0295                     	;# 
   328  0295                     	;# 
   329  0296                     	;# 
   330  0298                     	;# 
   331  0298                     	;# 
   332  0299                     	;# 
   333  029A                     	;# 
   334  029B                     	;# 
   335  029C                     	;# 
   336  029C                     	;# 
   337  029D                     	;# 
   338  029E                     	;# 
   339  029F                     	;# 
   340  0311                     	;# 
   341  0311                     	;# 
   342  0312                     	;# 
   343  0313                     	;# 
   344  0314                     	;# 
   345  0315                     	;# 
   346  0315                     	;# 
   347  0316                     	;# 
   348  0318                     	;# 
   349  0318                     	;# 
   350  0319                     	;# 
   351  031A                     	;# 
   352  031C                     	;# 
   353  031C                     	;# 
   354  031D                     	;# 
   355  031E                     	;# 
   356  0394                     	;# 
   357  0395                     	;# 
   358  0396                     	;# 
   359  0415                     	;# 
   360  0416                     	;# 
   361  0417                     	;# 
   362  041C                     	;# 
   363  041D                     	;# 
   364  041E                     	;# 
   365  0791                     	;# 
   366  0792                     	;# 
   367  0793                     	;# 
   368  0794                     	;# 
   369  0795                     	;# 
   370  0798                     	;# 
   371  0799                     	;# 
   372  079A                     	;# 
   373  07A0                     	;# 
   374  07A1                     	;# 
   375  07A2                     	;# 
   376  07A3                     	;# 
   377  07A4                     	;# 
   378  07A5                     	;# 
   379  07A6                     	;# 
   380  07A7                     	;# 
   381  07A8                     	;# 
   382  07A9                     	;# 
   383  07AA                     	;# 
   384  07AB                     	;# 
   385  0FE4                     	;# 
   386  0FE5                     	;# 
   387  0FE6                     	;# 
   388  0FE7                     	;# 
   389  0FE8                     	;# 
   390  0FE9                     	;# 
   391  0FEA                     	;# 
   392  0FEB                     	;# 
   393  0FED                     	;# 
   394  0FEE                     	;# 
   395  0FEF                     	;# 
   396  0000                     	;# 
   397  0001                     	;# 
   398  0002                     	;# 
   399  0003                     	;# 
   400  0004                     	;# 
   401  0005                     	;# 
   402  0006                     	;# 
   403  0007                     	;# 
   404  0008                     	;# 
   405  0009                     	;# 
   406  000A                     	;# 
   407  000B                     	;# 
   408  000C                     	;# 
   409  000D                     	;# 
   410  000E                     	;# 
   411  000F                     	;# 
   412  0010                     	;# 
   413  0011                     	;# 
   414  0012                     	;# 
   415  0013                     	;# 
   416  0015                     	;# 
   417  0016                     	;# 
   418  0016                     	;# 
   419  0017                     	;# 
   420  0018                     	;# 
   421  0019                     	;# 
   422  001A                     	;# 
   423  001B                     	;# 
   424  001C                     	;# 
   425  001E                     	;# 
   426  001F                     	;# 
   427  008C                     	;# 
   428  008D                     	;# 
   429  008E                     	;# 
   430  008F                     	;# 
   431  0090                     	;# 
   432  0091                     	;# 
   433  0092                     	;# 
   434  0093                     	;# 
   435  0095                     	;# 
   436  0096                     	;# 
   437  0097                     	;# 
   438  0098                     	;# 
   439  0099                     	;# 
   440  009A                     	;# 
   441  009B                     	;# 
   442  009B                     	;# 
   443  009C                     	;# 
   444  009D                     	;# 
   445  009E                     	;# 
   446  010C                     	;# 
   447  010D                     	;# 
   448  010E                     	;# 
   449  010F                     	;# 
   450  0110                     	;# 
   451  0111                     	;# 
   452  0112                     	;# 
   453  0113                     	;# 
   454  0114                     	;# 
   455  0115                     	;# 
   456  0116                     	;# 
   457  0117                     	;# 
   458  0118                     	;# 
   459  0119                     	;# 
   460  011A                     	;# 
   461  011B                     	;# 
   462  011D                     	;# 
   463  018C                     	;# 
   464  018D                     	;# 
   465  018F                     	;# 
   466  0190                     	;# 
   467  0191                     	;# 
   468  0191                     	;# 
   469  0192                     	;# 
   470  0193                     	;# 
   471  0193                     	;# 
   472  0193                     	;# 
   473  0194                     	;# 
   474  0195                     	;# 
   475  0196                     	;# 
   476  0199                     	;# 
   477  019A                     	;# 
   478  019B                     	;# 
   479  019B                     	;# 
   480  019B                     	;# 
   481  019B                     	;# 
   482  019C                     	;# 
   483  019C                     	;# 
   484  019D                     	;# 
   485  019E                     	;# 
   486  019F                     	;# 
   487  020D                     	;# 
   488  0210                     	;# 
   489  0211                     	;# 
   490  0212                     	;# 
   491  0213                     	;# 
   492  0214                     	;# 
   493  0215                     	;# 
   494  0215                     	;# 
   495  0216                     	;# 
   496  0217                     	;# 
   497  0291                     	;# 
   498  0291                     	;# 
   499  0292                     	;# 
   500  0293                     	;# 
   501  0294                     	;# 
   502  0295                     	;# 
   503  0295                     	;# 
   504  0296                     	;# 
   505  0298                     	;# 
   506  0298                     	;# 
   507  0299                     	;# 
   508  029A                     	;# 
   509  029B                     	;# 
   510  029C                     	;# 
   511  029C                     	;# 
   512  029D                     	;# 
   513  029E                     	;# 
   514  029F                     	;# 
   515  0311                     	;# 
   516  0311                     	;# 
   517  0312                     	;# 
   518  0313                     	;# 
   519  0314                     	;# 
   520  0315                     	;# 
   521  0315                     	;# 
   522  0316                     	;# 
   523  0318                     	;# 
   524  0318                     	;# 
   525  0319                     	;# 
   526  031A                     	;# 
   527  031C                     	;# 
   528  031C                     	;# 
   529  031D                     	;# 
   530  031E                     	;# 
   531  0394                     	;# 
   532  0395                     	;# 
   533  0396                     	;# 
   534  0415                     	;# 
   535  0416                     	;# 
   536  0417                     	;# 
   537  041C                     	;# 
   538  041D                     	;# 
   539  041E                     	;# 
   540  0791                     	;# 
   541  0792                     	;# 
   542  0793                     	;# 
   543  0794                     	;# 
   544  0795                     	;# 
   545  0798                     	;# 
   546  0799                     	;# 
   547  079A                     	;# 
   548  07A0                     	;# 
   549  07A1                     	;# 
   550  07A2                     	;# 
   551  07A3                     	;# 
   552  07A4                     	;# 
   553  07A5                     	;# 
   554  07A6                     	;# 
   555  07A7                     	;# 
   556  07A8                     	;# 
   557  07A9                     	;# 
   558  07AA                     	;# 
   559  07AB                     	;# 
   560  0FE4                     	;# 
   561  0FE5                     	;# 
   562  0FE6                     	;# 
   563  0FE7                     	;# 
   564  0FE8                     	;# 
   565  0FE9                     	;# 
   566  0FEA                     	;# 
   567  0FEB                     	;# 
   568  0FED                     	;# 
   569  0FEE                     	;# 
   570  0FEF                     	;# 
   571  008F                     _TRISD	set	143
   572  010F                     _LATD	set	271
   573                           
   574                           	psect	cinit
   575  07FD                     start_initialization:	
   576                           ; #config settings
   577                           
   578  07FD                     __initialization:
   579  07FD                     end_of_initialization:	
   580                           ;End of C runtime variable initialization code
   581                           
   582  07FD                     __end_of__initialization:
   583  07FD  0020               	movlb	0
   584  07FE  3187  2FF1         	ljmp	_main	;jump to C main() function
   585                           
   586                           	psect	cstackCOMMON
   587  0070                     __pcstackCOMMON:
   588  0070                     ?_main:
   589  0070                     ??_main:	
   590                           ; 1 bytes @ 0x0
   591                           
   592                           
   593                           ; 1 bytes @ 0x0
   594  0070                     	ds	1
   595                           
   596                           	psect	maintext
   597  07F1                     __pmaintext:	
   598 ;;
   599 ;;Main: autosize = 0, tempsize = 1, incstack = 0, save=0
   600 ;;
   601 ;; *************** function _main *****************
   602 ;; Defined at:
   603 ;;		line 4 in file "main.c"
   604 ;; Parameters:    Size  Location     Type
   605 ;;		None
   606 ;; Auto vars:     Size  Location     Type
   607 ;;		None
   608 ;; Return value:  Size  Location     Type
   609 ;;                  1    wreg      void 
   610 ;; Registers used:
   611 ;;		wreg, status,2, status,0
   612 ;; Tracked objects:
   613 ;;		On entry : B1F/0
   614 ;;		On exit  : 0/0
   615 ;;		Unchanged: 0/0
   616 ;; Data sizes:     COMMON   BANK0   BANK1   BANK2   BANK3   BANK4   BANK5   BANK6   BANK7   BANK8   BANK9  BANK10  BANK1
      +1  BANK12
   617 ;;      Params:         0       0       0       0       0       0       0       0       0       0       0       0       
      +0       0
   618 ;;      Locals:         0       0       0       0       0       0       0       0       0       0       0       0       
      +0       0
   619 ;;      Temps:          1       0       0       0       0       0       0       0       0       0       0       0       
      +0       0
   620 ;;      Totals:         1       0       0       0       0       0       0       0       0       0       0       0       
      +0       0
   621 ;;Total ram usage:        1 bytes
   622 ;; This function calls:
   623 ;;		Nothing
   624 ;; This function is called by:
   625 ;;		Startup code after reset
   626 ;; This function uses a non-reentrant model
   627 ;;
   628                           
   629  07F1                     _main:	
   630                           ;psect for function _main
   631                           
   632  07F1                     l620:	
   633                           ;incstack = 0
   634                           ; Regs used in _main: [wreg+status,2+status,0]
   635                           
   636                           
   637                           ;main.c: 5:     TRISD = 0x00;
   638  07F1  0021               	movlb	1	; select bank1
   639  07F2  018F               	clrf	15	;volatile
   640  07F3                     l622:
   641                           
   642                           ;main.c: 6:     LATD = 0xFF;
   643  07F3  30FF               	movlw	255
   644  07F4  0022               	movlb	2	; select bank2
   645  07F5  008F               	movwf	15	;volatile
   646  07F6                     l624:
   647                           
   648                           ;main.c: 8:     LATD &= ~( (1<<5) | (1<<3) | (1<<0) );
   649  07F6  30D6               	movlw	214
   650  07F7  00F0               	movwf	??_main
   651  07F8  0870               	movf	??_main,w
   652  07F9  058F               	andwf	15,f	;volatile
   653  07FA                     l9:	
   654                           ;main.c: 10:     while(1){
   655                           
   656  07FA                     l10:	
   657                           ;main.c: 12:     }
   658                           
   659  07FA  2FFA               	goto	l9
   660  07FB  3180  2802         	ljmp	start
   661  07FD                     __end_of_main:
   662  007E                     btemp	set	126	;btemp
   663  007E                     wtemp0	set	126
   664                           
   665                           	psect	idloc
   666                           
   667                           ;Config register IDLOC0 @ 0x8000
   668                           ;	unspecified, using default values
   669  8000                     	org	32768
   670  8000  3FFF               	dw	16383
   671                           
   672                           ;Config register IDLOC1 @ 0x8001
   673                           ;	unspecified, using default values
   674  8001                     	org	32769
   675  8001  3FFF               	dw	16383
   676                           
   677                           ;Config register IDLOC2 @ 0x8002
   678                           ;	unspecified, using default values
   679  8002                     	org	32770
   680  8002  3FFF               	dw	16383
   681                           
   682                           ;Config register IDLOC3 @ 0x8003
   683                           ;	unspecified, using default values
   684  8003                     	org	32771
   685  8003  3FFF               	dw	16383
   686                           
   687                           	psect	config
   688                           
   689                           ;Config register CONFIG1 @ 0x8007
   690                           ;	Oscillator Selection
   691                           ;	FOSC = HS, HS Oscillator, High-speed crystal/resonator connected between OSC1 and OSC2
      +                           pins
   692                           ;	Watchdog Timer Enable
   693                           ;	WDTE = OFF, WDT disabled
   694                           ;	Power-up Timer Enable
   695                           ;	PWRTE = OFF, PWRT disabled
   696                           ;	MCLR Pin Function Select
   697                           ;	MCLRE = ON, MCLR/VPP pin function is MCLR
   698                           ;	Flash Program Memory Code Protection
   699                           ;	CP = OFF, Program memory code protection is disabled
   700                           ;	Data Memory Code Protection
   701                           ;	CPD = OFF, Data memory code protection is disabled
   702                           ;	Brown-out Reset Enable
   703                           ;	BOREN = ON, Brown-out Reset enabled
   704                           ;	Clock Out Enable
   705                           ;	CLKOUTEN = OFF, CLKOUT function is disabled. I/O or oscillator function on the CLKOUT 
      +                          pin
   706                           ;	Internal/External Switchover
   707                           ;	IESO = ON, Internal/External Switchover mode is enabled
   708                           ;	Fail-Safe Clock Monitor Enable
   709                           ;	FCMEN = ON, Fail-Safe Clock Monitor is enabled
   710  8007                     	org	32775
   711  8007  3FE2               	dw	16354
   712                           
   713                           ;Config register CONFIG2 @ 0x8008
   714                           ;	Flash Memory Self-Write Protection
   715                           ;	WRT = OFF, Write protection off
   716                           ;	Voltage Regulator Capacitor Enable
   717                           ;	VCAPEN = OFF, All VCAP pin functionality is disabled
   718                           ;	PLL Enable
   719                           ;	PLLEN = OFF, 4x PLL disabled
   720                           ;	Stack Overflow/Underflow Reset Enable
   721                           ;	STVREN = ON, Stack Overflow or Underflow will cause a Reset
   722                           ;	Brown-out Reset Voltage Selection
   723                           ;	BORV = LO, Brown-out Reset Voltage (Vbor), low trip point selected.
   724                           ;	Low-Voltage Programming Enable
   725                           ;	LVP = ON, Low-voltage programming enabled
   726  8008                     	org	32776
   727  8008  3EFF               	dw	16127

Data Sizes:
    Strings     0
    Constant    0
    Data        0
    BSS         0
    Persistent  32
    Stack       0

Auto Spaces:
    Space          Size  Autos    Used
    COMMON           14      1       1
    BANK0            80      0       0
    BANK1            80      0       0
    BANK2            80      0       0
    BANK3            80      0       0
    BANK4            80      0       0
    BANK5            80      0       0
    BANK6            80      0       0
    BANK7            80      0       0
    BANK8            80      0       0
    BANK9            80      0       0
    BANK10           80      0       0
    BANK11           80      0       0
    BANK12           48      0       0

Pointer List with Targets:

    None.

Critical Paths under _main in COMMON

    None.

Critical Paths under _main in BANK0

    None.

Critical Paths under _main in BANK1

    None.

Critical Paths under _main in BANK2

    None.

Critical Paths under _main in BANK3

    None.

Critical Paths under _main in BANK4

    None.

Critical Paths under _main in BANK5

    None.

Critical Paths under _main in BANK6

    None.

Critical Paths under _main in BANK7

    None.

Critical Paths under _main in BANK8

    None.

Critical Paths under _main in BANK9

    None.

Critical Paths under _main in BANK10

    None.

Critical Paths under _main in BANK11

    None.

Critical Paths under _main in BANK12

    None.

Call Graph Tables:

 ---------------------------------------------------------------------------------
 (Depth) Function   	        Calls       Base Space   Used Autos Params    Refs
 ---------------------------------------------------------------------------------
 (0) _main                                                 1     1      0       0
                                              0 COMMON     1     1      0
 ---------------------------------------------------------------------------------
 Estimated maximum stack depth 0
 ---------------------------------------------------------------------------------

 Call Graph Graphs:

 _main (ROOT)

 Address spaces:
Name               Size   Autos  Total    Cost      Usage
BIGRAM             3F0      0       0       0        0.0%
EEDATA             100      0       0       0        0.0%
NULL                 0      0       0       0        0.0%
CODE                 0      0       0       0        0.0%
BITCOMMON            E      0       0       1        0.0%
BITSFR0              0      0       0       1        0.0%
SFR0                 0      0       0       1        0.0%
COMMON               E      1       1       2        7.1%
BITSFR1              0      0       0       2        0.0%
SFR1                 0      0       0       2        0.0%
BITSFR2              0      0       0       3        0.0%
SFR2                 0      0       0       3        0.0%
STACK                0      0       0       3        0.0%
BITBANK0            50      0       0       4        0.0%
BITSFR3              0      0       0       4        0.0%
SFR3                 0      0       0       4        0.0%
BANK0               50      0       0       5        0.0%
BITSFR4              0      0       0       5        0.0%
SFR4                 0      0       0       5        0.0%
BITBANK1            50      0       0       6        0.0%
BITSFR5              0      0       0       6        0.0%
SFR5                 0      0       0       6        0.0%
BANK1               50      0       0       7        0.0%
BITSFR6              0      0       0       7        0.0%
SFR6                 0      0       0       7        0.0%
BITBANK2            50      0       0       8        0.0%
BITSFR7              0      0       0       8        0.0%
SFR7                 0      0       0       8        0.0%
BANK2               50      0       0       9        0.0%
BITSFR8              0      0       0       9        0.0%
SFR8                 0      0       0       9        0.0%
BITBANK3            50      0       0      10        0.0%
BITSFR9              0      0       0      10        0.0%
SFR9                 0      0       0      10        0.0%
BANK3               50      0       0      11        0.0%
BITSFR10             0      0       0      11        0.0%
SFR10                0      0       0      11        0.0%
BITBANK4            50      0       0      12        0.0%
BITSFR11             0      0       0      12        0.0%
SFR11                0      0       0      12        0.0%
BANK4               50      0       0      13        0.0%
BITSFR12             0      0       0      13        0.0%
SFR12                0      0       0      13        0.0%
BITBANK5            50      0       0      14        0.0%
BITSFR13             0      0       0      14        0.0%
SFR13                0      0       0      14        0.0%
BANK5               50      0       0      15        0.0%
BITSFR14             0      0       0      15        0.0%
SFR14                0      0       0      15        0.0%
BITBANK6            50      0       0      16        0.0%
BITSFR15             0      0       0      16        0.0%
SFR15                0      0       0      16        0.0%
BANK6               50      0       0      17        0.0%
BITSFR16             0      0       0      17        0.0%
SFR16                0      0       0      17        0.0%
BITBANK7            50      0       0      18        0.0%
BITSFR17             0      0       0      18        0.0%
SFR17                0      0       0      18        0.0%
BANK7               50      0       0      19        0.0%
BITSFR18             0      0       0      19        0.0%
SFR18                0      0       0      19        0.0%
BITSFR19             0      0       0      20        0.0%
SFR19                0      0       0      20        0.0%
ABS                  0      0       0      20        0.0%
BITBANK8            50      0       0      21        0.0%
BITSFR20             0      0       0      21        0.0%
SFR20                0      0       0      21        0.0%
BANK8               50      0       0      22        0.0%
BITSFR21             0      0       0      22        0.0%
SFR21                0      0       0      22        0.0%
BITBANK9            50      0       0      23        0.0%
BITSFR22             0      0       0      23        0.0%
SFR22                0      0       0      23        0.0%
BANK9               50      0       0      24        0.0%
BITSFR23             0      0       0      24        0.0%
SFR23                0      0       0      24        0.0%
BITBANK10           50      0       0      25        0.0%
BITSFR24             0      0       0      25        0.0%
SFR24                0      0       0      25        0.0%
BANK10              50      0       0      26        0.0%
BITSFR25             0      0       0      26        0.0%
SFR25                0      0       0      26        0.0%
BITBANK11           50      0       0      27        0.0%
BITSFR26             0      0       0      27        0.0%
SFR26                0      0       0      27        0.0%
BANK11              50      0       0      28        0.0%
BITSFR27             0      0       0      28        0.0%
SFR27                0      0       0      28        0.0%
BITBANK12           30      0       0      29        0.0%
BITSFR28             0      0       0      29        0.0%
SFR28                0      0       0      29        0.0%
BANK12              30      0       0      30        0.0%
BITSFR29             0      0       0      30        0.0%
SFR29                0      0       0      30        0.0%
BITSFR30             0      0       0      31        0.0%
SFR30                0      0       0      31        0.0%
DATA                 0      0       0      31        0.0%
BITSFR31             0      0       0      32        0.0%
SFR31                0      0       0      32        0.0%


Microchip Technology PIC Macro Assembler V2.36 build 20220127204148 
Symbol Table                                                                                   Wed Aug 16 15:04:45 2023

                      l9 07FA                       l10 07FA                      l620 07F1  
                    l622 07F3                      l624 07F6                     _LATD 010F  
                   _main 07F1                     btemp 007E                     start 0002  
                  ?_main 0070                    _TRISD 008F                    wtemp0 007E  
        __initialization 07FD             __end_of_main 07FD                   ??_main 0070  
__end_of__initialization 07FD           __pcstackCOMMON 0070               __pmaintext 07F1  
   end_of_initialization 07FD      start_initialization 07FD                ___latbits 0003  
